SF:/home/admin/Desktop/opensource/soroban-debugger/crates/soroban-debug-mock/src/assertions.rs
FN:12,_RNvMNtCsiH8sQUbnuci_18soroban_debug_mock10assertionsNtB2_17StorageAssertions14assert_has_key
FN:19,_RNvMNtCsiH8sQUbnuci_18soroban_debug_mock10assertionsNtB2_17StorageAssertions15assert_value_eq
FN:8,_RNvMNtCsiH8sQUbnuci_18soroban_debug_mock10assertionsNtB2_17StorageAssertions3new
FNDA:0,_RNvMNtCsiH8sQUbnuci_18soroban_debug_mock10assertionsNtB2_17StorageAssertions14assert_has_key
FNDA:0,_RNvMNtCsiH8sQUbnuci_18soroban_debug_mock10assertionsNtB2_17StorageAssertions15assert_value_eq
FNDA:0,_RNvMNtCsiH8sQUbnuci_18soroban_debug_mock10assertionsNtB2_17StorageAssertions3new
FNF:3
FNH:0
DA:8,0
DA:9,0
DA:10,0
DA:12,0
DA:16,0
DA:17,0
DA:19,0
DA:20,0
DA:22,0
DA:23,0
BRF:0
BRH:0
LF:10
LH:0
end_of_record
SF:/home/admin/Desktop/opensource/soroban-debugger/crates/soroban-debug-mock/src/builder.rs
FN:44,_RNvMs_NtCshcMAdTEzDaM_18soroban_debug_mock7builderNtB4_14MockEnvBuilder14with_mock_call
FN:36,_RNvMs_NtCshcMAdTEzDaM_18soroban_debug_mock7builderNtB4_14MockEnvBuilder17with_storage_json
FN:29,_RNvMs_NtCshcMAdTEzDaM_18soroban_debug_mock7builderNtB4_14MockEnvBuilder21with_contract_storage
FN:18,_RNvMs_NtCshcMAdTEzDaM_18soroban_debug_mock7builderNtB4_14MockEnvBuilder3new
FN:50,_RNvMs_NtCshcMAdTEzDaM_18soroban_debug_mock7builderNtB4_14MockEnvBuilder5build
FN:22,_RNvMs_NtCshcMAdTEzDaM_18soroban_debug_mock7builderNtB4_14MockEnvBuilder8from_env
FN:12,_RNvXNtCshcMAdTEzDaM_18soroban_debug_mock7builderNtB2_14MockEnvBuilderNtNtCslH02haMvknO_4core7default7Default7default
FN:30,_RNCNvMs_NtCshcMAdTEzDaM_18soroban_debug_mock7builderNtB6_14MockEnvBuilder21with_contract_storage0B8_
FN:30,_RNCNvMs_NtCsiH8sQUbnuci_18soroban_debug_mock7builderNtB6_14MockEnvBuilder21with_contract_storage0B8_
FN:44,_RNvMs_NtCsiH8sQUbnuci_18soroban_debug_mock7builderNtB4_14MockEnvBuilder14with_mock_call
FN:36,_RNvMs_NtCsiH8sQUbnuci_18soroban_debug_mock7builderNtB4_14MockEnvBuilder17with_storage_json
FN:29,_RNvMs_NtCsiH8sQUbnuci_18soroban_debug_mock7builderNtB4_14MockEnvBuilder21with_contract_storage
FN:18,_RNvMs_NtCsiH8sQUbnuci_18soroban_debug_mock7builderNtB4_14MockEnvBuilder3new
FN:50,_RNvMs_NtCsiH8sQUbnuci_18soroban_debug_mock7builderNtB4_14MockEnvBuilder5build
FN:22,_RNvMs_NtCsiH8sQUbnuci_18soroban_debug_mock7builderNtB4_14MockEnvBuilder8from_env
FN:12,_RNvXNtCsiH8sQUbnuci_18soroban_debug_mock7builderNtB2_14MockEnvBuilderNtNtCslH02haMvknO_4core7default7Default7default
FNDA:0,_RNvMs_NtCshcMAdTEzDaM_18soroban_debug_mock7builderNtB4_14MockEnvBuilder14with_mock_call
FNDA:0,_RNvMs_NtCshcMAdTEzDaM_18soroban_debug_mock7builderNtB4_14MockEnvBuilder17with_storage_json
FNDA:1,_RNvMs_NtCshcMAdTEzDaM_18soroban_debug_mock7builderNtB4_14MockEnvBuilder21with_contract_storage
FNDA:0,_RNvMs_NtCshcMAdTEzDaM_18soroban_debug_mock7builderNtB4_14MockEnvBuilder3new
FNDA:0,_RNvMs_NtCshcMAdTEzDaM_18soroban_debug_mock7builderNtB4_14MockEnvBuilder5build
FNDA:1,_RNvMs_NtCshcMAdTEzDaM_18soroban_debug_mock7builderNtB4_14MockEnvBuilder8from_env
FNDA:0,_RNvXNtCshcMAdTEzDaM_18soroban_debug_mock7builderNtB2_14MockEnvBuilderNtNtCslH02haMvknO_4core7default7Default7default
FNDA:1,_RNCNvMs_NtCshcMAdTEzDaM_18soroban_debug_mock7builderNtB6_14MockEnvBuilder21with_contract_storage0B8_
FNDA:0,_RNCNvMs_NtCsiH8sQUbnuci_18soroban_debug_mock7builderNtB6_14MockEnvBuilder21with_contract_storage0B8_
FNDA:0,_RNvMs_NtCsiH8sQUbnuci_18soroban_debug_mock7builderNtB4_14MockEnvBuilder14with_mock_call
FNDA:0,_RNvMs_NtCsiH8sQUbnuci_18soroban_debug_mock7builderNtB4_14MockEnvBuilder17with_storage_json
FNDA:0,_RNvMs_NtCsiH8sQUbnuci_18soroban_debug_mock7builderNtB4_14MockEnvBuilder21with_contract_storage
FNDA:0,_RNvMs_NtCsiH8sQUbnuci_18soroban_debug_mock7builderNtB4_14MockEnvBuilder3new
FNDA:0,_RNvMs_NtCsiH8sQUbnuci_18soroban_debug_mock7builderNtB4_14MockEnvBuilder5build
FNDA:0,_RNvMs_NtCsiH8sQUbnuci_18soroban_debug_mock7builderNtB4_14MockEnvBuilder8from_env
FNDA:0,_RNvXNtCsiH8sQUbnuci_18soroban_debug_mock7builderNtB2_14MockEnvBuilderNtNtCslH02haMvknO_4core7default7Default7default
FNF:8
FNH:3
DA:12,0
DA:13,0
DA:14,0
DA:18,0
DA:19,0
DA:20,0
DA:22,1
DA:23,1
DA:24,1
DA:25,1
DA:26,1
DA:27,1
DA:29,1
DA:30,1
DA:31,1
DA:32,1
DA:33,1
DA:34,1
DA:36,0
DA:40,0
DA:41,0
DA:42,0
DA:44,0
DA:45,0
DA:46,0
DA:47,0
DA:48,0
DA:50,0
DA:51,0
DA:52,0
DA:53,0
BRF:0
BRH:0
LF:32
LH:13
end_of_record
SF:/home/admin/Desktop/opensource/soroban-debugger/crates/soroban-debug-mock/src/mock.rs
FN:17,_RNvMNtCshcMAdTEzDaM_18soroban_debug_mock4mockNtB2_12MockRegistry7install
FN:10,_RNvMNtCshcMAdTEzDaM_18soroban_debug_mock4mockNtB2_12MockRegistry8register
FN:17,_RNvMNtCsiH8sQUbnuci_18soroban_debug_mock4mockNtB2_12MockRegistry7install
FN:10,_RNvMNtCsiH8sQUbnuci_18soroban_debug_mock4mockNtB2_12MockRegistry8register
FNDA:0,_RNvMNtCshcMAdTEzDaM_18soroban_debug_mock4mockNtB2_12MockRegistry7install
FNDA:0,_RNvMNtCshcMAdTEzDaM_18soroban_debug_mock4mockNtB2_12MockRegistry8register
FNDA:0,_RNvMNtCsiH8sQUbnuci_18soroban_debug_mock4mockNtB2_12MockRegistry7install
FNDA:0,_RNvMNtCsiH8sQUbnuci_18soroban_debug_mock4mockNtB2_12MockRegistry8register
FNF:2
FNH:0
DA:10,0
DA:11,0
DA:12,0
DA:13,0
DA:15,0
DA:17,0
DA:22,0
BRF:0
BRH:0
LF:7
LH:0
end_of_record
SF:/home/admin/Desktop/opensource/soroban-debugger/crates/soroban-debug-mock/src/storage.rs
FN:7,_RNvMNtCshcMAdTEzDaM_18soroban_debug_mock7storageNtB2_13StorageHelper18populate_from_json
FN:7,_RNvMNtCsiH8sQUbnuci_18soroban_debug_mock7storageNtB2_13StorageHelper18populate_from_json
FNDA:1,_RNvMNtCshcMAdTEzDaM_18soroban_debug_mock7storageNtB2_13StorageHelper18populate_from_json
FNDA:0,_RNvMNtCsiH8sQUbnuci_18soroban_debug_mock7storageNtB2_13StorageHelper18populate_from_json
FNF:1
FNH:1
DA:7,1
DA:8,1
DA:9,1
DA:13,1
DA:16,1
DA:17,0
DA:18,1
DA:19,0
DA:20,1
DA:21,1
DA:22,1
DA:24,0
DA:25,1
BRF:0
BRH:0
LF:13
LH:10
end_of_record
SF:/home/admin/Desktop/opensource/soroban-debugger/src/analyzer/graph.rs
FN:24,_RINvMNtNtCsjDzxbYtLkYp_16soroban_debugger8analyzer5graphNtB3_15DependencyGraph8add_edgeppEB7_
FN:20,_RINvMNtNtCsjDzxbYtLkYp_16soroban_debugger8analyzer5graphNtB3_15DependencyGraph8add_nodepEB7_
FN:76,_RNvMNtNtCsjDzxbYtLkYp_16soroban_debugger8analyzer5graphNtB2_15DependencyGraph10to_mermaid
FN:40,_RNvMNtNtCsjDzxbYtLkYp_16soroban_debugger8analyzer5graphNtB2_15DependencyGraph16escape_dot_label
FN:44,_RNvMNtNtCsjDzxbYtLkYp_16soroban_debugger8analyzer5graphNtB2_15DependencyGraph20escape_mermaid_label
FN:16,_RNvMNtNtCsjDzxbYtLkYp_16soroban_debugger8analyzer5graphNtB2_15DependencyGraph3new
FN:32,_RNvMNtNtCsjDzxbYtLkYp_16soroban_debugger8analyzer5graphNtB2_15DependencyGraph5edges
FN:53,_RNvMNtNtCsjDzxbYtLkYp_16soroban_debugger8analyzer5graphNtB2_15DependencyGraph6to_dot
FN:36,_RNvMNtNtCsjDzxbYtLkYp_16soroban_debugger8analyzer5graphNtB2_15DependencyGraph8is_empty
FN:20,_RINvMNtNtCs2jO2QXn3WZ6_16soroban_debugger8analyzer5graphNtB3_15DependencyGraph8add_nodepEB7_
FN:32,_RNvMNtNtCs2jO2QXn3WZ6_16soroban_debugger8analyzer5graphNtB2_15DependencyGraph5edges
FN:36,_RNvMNtNtCs2jO2QXn3WZ6_16soroban_debugger8analyzer5graphNtB2_15DependencyGraph8is_empty
FN:106,_RNvNtNtNtCs2jO2QXn3WZ6_16soroban_debugger8analyzer5graph5testss_29mermaid_export_contains_edges
FN:96,_RNvNtNtNtCs2jO2QXn3WZ6_16soroban_debugger8analyzer5graph5testss_35dot_export_contains_nodes_and_edges
FN:24,_RINvMNtNtCs2jO2QXn3WZ6_16soroban_debugger8analyzer5graphNtB3_15DependencyGraph8add_edgeReB1n_EB7_
FN:76,_RNvMNtNtCs2jO2QXn3WZ6_16soroban_debugger8analyzer5graphNtB2_15DependencyGraph10to_mermaid
FN:40,_RNvMNtNtCs2jO2QXn3WZ6_16soroban_debugger8analyzer5graphNtB2_15DependencyGraph16escape_dot_label
FN:44,_RNvMNtNtCs2jO2QXn3WZ6_16soroban_debugger8analyzer5graphNtB2_15DependencyGraph20escape_mermaid_label
FN:16,_RNvMNtNtCs2jO2QXn3WZ6_16soroban_debugger8analyzer5graphNtB2_15DependencyGraph3new
FN:53,_RNvMNtNtCs2jO2QXn3WZ6_16soroban_debugger8analyzer5graphNtB2_15DependencyGraph6to_dot
FNDA:0,_RINvMNtNtCsjDzxbYtLkYp_16soroban_debugger8analyzer5graphNtB3_15DependencyGraph8add_edgeppEB7_
FNDA:0,_RINvMNtNtCsjDzxbYtLkYp_16soroban_debugger8analyzer5graphNtB3_15DependencyGraph8add_nodepEB7_
FNDA:0,_RNvMNtNtCsjDzxbYtLkYp_16soroban_debugger8analyzer5graphNtB2_15DependencyGraph10to_mermaid
FNDA:0,_RNvMNtNtCsjDzxbYtLkYp_16soroban_debugger8analyzer5graphNtB2_15DependencyGraph16escape_dot_label
FNDA:0,_RNvMNtNtCsjDzxbYtLkYp_16soroban_debugger8analyzer5graphNtB2_15DependencyGraph20escape_mermaid_label
FNDA:0,_RNvMNtNtCsjDzxbYtLkYp_16soroban_debugger8analyzer5graphNtB2_15DependencyGraph3new
FNDA:0,_RNvMNtNtCsjDzxbYtLkYp_16soroban_debugger8analyzer5graphNtB2_15DependencyGraph5edges
FNDA:0,_RNvMNtNtCsjDzxbYtLkYp_16soroban_debugger8analyzer5graphNtB2_15DependencyGraph6to_dot
FNDA:0,_RNvMNtNtCsjDzxbYtLkYp_16soroban_debugger8analyzer5graphNtB2_15DependencyGraph8is_empty
FNDA:0,_RINvMNtNtCs2jO2QXn3WZ6_16soroban_debugger8analyzer5graphNtB3_15DependencyGraph8add_nodepEB7_
FNDA:0,_RNvMNtNtCs2jO2QXn3WZ6_16soroban_debugger8analyzer5graphNtB2_15DependencyGraph5edges
FNDA:0,_RNvMNtNtCs2jO2QXn3WZ6_16soroban_debugger8analyzer5graphNtB2_15DependencyGraph8is_empty
FNDA:1,_RNvNtNtNtCs2jO2QXn3WZ6_16soroban_debugger8analyzer5graph5testss_29mermaid_export_contains_edges
FNDA:1,_RNvNtNtNtCs2jO2QXn3WZ6_16soroban_debugger8analyzer5graph5testss_35dot_export_contains_nodes_and_edges
FNDA:2,_RINvMNtNtCs2jO2QXn3WZ6_16soroban_debugger8analyzer5graphNtB3_15DependencyGraph8add_edgeReB1n_EB7_
FNDA:1,_RNvMNtNtCs2jO2QXn3WZ6_16soroban_debugger8analyzer5graphNtB2_15DependencyGraph10to_mermaid
FNDA:4,_RNvMNtNtCs2jO2QXn3WZ6_16soroban_debugger8analyzer5graphNtB2_15DependencyGraph16escape_dot_label
FNDA:2,_RNvMNtNtCs2jO2QXn3WZ6_16soroban_debugger8analyzer5graphNtB2_15DependencyGraph20escape_mermaid_label
FNDA:2,_RNvMNtNtCs2jO2QXn3WZ6_16soroban_debugger8analyzer5graphNtB2_15DependencyGraph3new
FNDA:1,_RNvMNtNtCs2jO2QXn3WZ6_16soroban_debugger8analyzer5graphNtB2_15DependencyGraph6to_dot
FNF:11
FNH:8
DA:16,2
DA:17,2
DA:18,2
DA:20,0
DA:21,0
DA:22,0
DA:24,2
DA:25,2
DA:26,2
DA:27,2
DA:28,2
DA:29,2
DA:30,2
DA:32,0
DA:33,0
DA:34,0
DA:36,0
DA:37,0
DA:38,0
DA:40,4
DA:41,4
DA:42,4
DA:44,2
DA:45,2
DA:46,2
DA:47,2
DA:48,2
DA:49,2
DA:50,2
DA:51,2
DA:53,1
DA:54,1
DA:55,1
DA:57,2
DA:58,2
DA:59,2
DA:60,2
DA:61,2
DA:62,2
DA:64,1
DA:65,1
DA:66,1
DA:67,1
DA:68,1
DA:69,1
DA:70,1
DA:72,1
DA:73,1
DA:74,1
DA:76,1
DA:77,1
DA:79,1
DA:80,1
DA:81,1
DA:82,1
DA:83,1
DA:84,1
DA:85,1
DA:87,1
DA:88,1
DA:96,1
DA:97,1
DA:98,1
DA:100,1
DA:101,1
DA:102,1
DA:103,1
DA:106,1
DA:107,1
DA:108,1
DA:110,1
DA:111,1
DA:112,1
DA:113,1
BRF:0
BRH:0
LF:74
LH:65
end_of_record
SF:/home/admin/Desktop/opensource/soroban-debugger/src/analyzer/security.rs
FN:111,_RNCNvXs0_NtNtCsjDzxbYtLkYp_16soroban_debugger8analyzer8securityNtB7_20HardcodedAddressRuleNtB7_12SecurityRule14analyze_static0Bb_
FN:33,_RNvYNtNtNtCsjDzxbYtLkYp_16soroban_debugger8analyzer8security19ArithmeticCheckRuleNtB4_12SecurityRule15analyze_dynamicB8_
FN:33,_RNvYNtNtNtCsjDzxbYtLkYp_16soroban_debugger8analyzer8security20HardcodedAddressRuleNtB4_12SecurityRule15analyze_dynamicB8_
FN:30,_RNvYNtNtNtCsjDzxbYtLkYp_16soroban_debugger8analyzer8security21ReentrancyPatternRuleNtB4_12SecurityRule14analyze_staticB8_
FN:30,_RNvYNtNtNtCsjDzxbYtLkYp_16soroban_debugger8analyzer8security22AuthorizationCheckRuleNtB4_12SecurityRule14analyze_staticB8_
FN:111,_RNCNvXs0_NtNtCs2jO2QXn3WZ6_16soroban_debugger8analyzer8securityNtB7_20HardcodedAddressRuleNtB7_12SecurityRule14analyze_static0Bb_
FN:47,_RNvMNtNtCs2jO2QXn3WZ6_16soroban_debugger8analyzer8securityNtB2_16SecurityAnalyzer3new
FN:59,_RNvMNtNtCs2jO2QXn3WZ6_16soroban_debugger8analyzer8securityNtB2_16SecurityAnalyzer7analyze
FN:96,_RNvXs0_NtNtCs2jO2QXn3WZ6_16soroban_debugger8analyzer8securityNtB5_20HardcodedAddressRuleNtB5_12SecurityRule11description
FN:100,_RNvXs0_NtNtCs2jO2QXn3WZ6_16soroban_debugger8analyzer8securityNtB5_20HardcodedAddressRuleNtB5_12SecurityRule14analyze_static
FN:93,_RNvXs0_NtNtCs2jO2QXn3WZ6_16soroban_debugger8analyzer8securityNtB5_20HardcodedAddressRuleNtB5_12SecurityRule4name
FN:134,_RNvXs1_NtNtCs2jO2QXn3WZ6_16soroban_debugger8analyzer8securityNtB5_19ArithmeticCheckRuleNtB5_12SecurityRule11description
FN:138,_RNvXs1_NtNtCs2jO2QXn3WZ6_16soroban_debugger8analyzer8securityNtB5_19ArithmeticCheckRuleNtB5_12SecurityRule14analyze_static
FN:131,_RNvXs1_NtNtCs2jO2QXn3WZ6_16soroban_debugger8analyzer8securityNtB5_19ArithmeticCheckRuleNtB5_12SecurityRule4name
FN:153,_RNvXs2_NtNtCs2jO2QXn3WZ6_16soroban_debugger8analyzer8securityNtB5_22AuthorizationCheckRuleNtB5_12SecurityRule11description
FN:157,_RNvXs2_NtNtCs2jO2QXn3WZ6_16soroban_debugger8analyzer8securityNtB5_22AuthorizationCheckRuleNtB5_12SecurityRule15analyze_dynamic
FN:150,_RNvXs2_NtNtCs2jO2QXn3WZ6_16soroban_debugger8analyzer8securityNtB5_22AuthorizationCheckRuleNtB5_12SecurityRule4name
FN:199,_RNvXs3_NtNtCs2jO2QXn3WZ6_16soroban_debugger8analyzer8securityNtB5_21ReentrancyPatternRuleNtB5_12SecurityRule11description
FN:203,_RNvXs3_NtNtCs2jO2QXn3WZ6_16soroban_debugger8analyzer8securityNtB5_21ReentrancyPatternRuleNtB5_12SecurityRule15analyze_dynamic
FN:196,_RNvXs3_NtNtCs2jO2QXn3WZ6_16soroban_debugger8analyzer8securityNtB5_21ReentrancyPatternRuleNtB5_12SecurityRule4name
FN:238,_RNvXs4_NtNtCs2jO2QXn3WZ6_16soroban_debugger8analyzer8securityNtB5_22UnboundedIterationRuleNtB5_12SecurityRule11description
FN:242,_RNvXs4_NtNtCs2jO2QXn3WZ6_16soroban_debugger8analyzer8securityNtB5_22UnboundedIterationRuleNtB5_12SecurityRule14analyze_static
FN:248,_RNvXs4_NtNtCs2jO2QXn3WZ6_16soroban_debugger8analyzer8securityNtB5_22UnboundedIterationRuleNtB5_12SecurityRule15analyze_dynamic
FN:235,_RNvXs4_NtNtCs2jO2QXn3WZ6_16soroban_debugger8analyzer8securityNtB5_22UnboundedIterationRuleNtB5_12SecurityRule4name
FN:84,_RNvXs_NtNtCs2jO2QXn3WZ6_16soroban_debugger8analyzer8securityNtB4_16SecurityAnalyzerNtNtCslH02haMvknO_4core7default7Default7default
FN:30,_RNvYpNtNtNtCs2jO2QXn3WZ6_16soroban_debugger8analyzer8security12SecurityRule14analyze_staticB9_
FN:33,_RNvYpNtNtNtCs2jO2QXn3WZ6_16soroban_debugger8analyzer8security12SecurityRule15analyze_dynamicB9_
FNDA:0,_RNCNvXs0_NtNtCsjDzxbYtLkYp_16soroban_debugger8analyzer8securityNtB7_20HardcodedAddressRuleNtB7_12SecurityRule14analyze_static0Bb_
FNDA:0,_RNvYNtNtNtCsjDzxbYtLkYp_16soroban_debugger8analyzer8security19ArithmeticCheckRuleNtB4_12SecurityRule15analyze_dynamicB8_
FNDA:0,_RNvYNtNtNtCsjDzxbYtLkYp_16soroban_debugger8analyzer8security20HardcodedAddressRuleNtB4_12SecurityRule15analyze_dynamicB8_
FNDA:0,_RNvYNtNtNtCsjDzxbYtLkYp_16soroban_debugger8analyzer8security21ReentrancyPatternRuleNtB4_12SecurityRule14analyze_staticB8_
FNDA:0,_RNvYNtNtNtCsjDzxbYtLkYp_16soroban_debugger8analyzer8security22AuthorizationCheckRuleNtB4_12SecurityRule14analyze_staticB8_
FNDA:0,_RNCNvXs0_NtNtCs2jO2QXn3WZ6_16soroban_debugger8analyzer8securityNtB7_20HardcodedAddressRuleNtB7_12SecurityRule14analyze_static0Bb_
FNDA:0,_RNvMNtNtCs2jO2QXn3WZ6_16soroban_debugger8analyzer8securityNtB2_16SecurityAnalyzer3new
FNDA:0,_RNvMNtNtCs2jO2QXn3WZ6_16soroban_debugger8analyzer8securityNtB2_16SecurityAnalyzer7analyze
FNDA:0,_RNvXs0_NtNtCs2jO2QXn3WZ6_16soroban_debugger8analyzer8securityNtB5_20HardcodedAddressRuleNtB5_12SecurityRule11description
FNDA:0,_RNvXs0_NtNtCs2jO2QXn3WZ6_16soroban_debugger8analyzer8securityNtB5_20HardcodedAddressRuleNtB5_12SecurityRule14analyze_static
FNDA:0,_RNvXs0_NtNtCs2jO2QXn3WZ6_16soroban_debugger8analyzer8securityNtB5_20HardcodedAddressRuleNtB5_12SecurityRule4name
FNDA:0,_RNvXs1_NtNtCs2jO2QXn3WZ6_16soroban_debugger8analyzer8securityNtB5_19ArithmeticCheckRuleNtB5_12SecurityRule11description
FNDA:0,_RNvXs1_NtNtCs2jO2QXn3WZ6_16soroban_debugger8analyzer8securityNtB5_19ArithmeticCheckRuleNtB5_12SecurityRule14analyze_static
FNDA:0,_RNvXs1_NtNtCs2jO2QXn3WZ6_16soroban_debugger8analyzer8securityNtB5_19ArithmeticCheckRuleNtB5_12SecurityRule4name
FNDA:0,_RNvXs2_NtNtCs2jO2QXn3WZ6_16soroban_debugger8analyzer8securityNtB5_22AuthorizationCheckRuleNtB5_12SecurityRule11description
FNDA:0,_RNvXs2_NtNtCs2jO2QXn3WZ6_16soroban_debugger8analyzer8securityNtB5_22AuthorizationCheckRuleNtB5_12SecurityRule15analyze_dynamic
FNDA:0,_RNvXs2_NtNtCs2jO2QXn3WZ6_16soroban_debugger8analyzer8securityNtB5_22AuthorizationCheckRuleNtB5_12SecurityRule4name
FNDA:0,_RNvXs3_NtNtCs2jO2QXn3WZ6_16soroban_debugger8analyzer8securityNtB5_21ReentrancyPatternRuleNtB5_12SecurityRule11description
FNDA:0,_RNvXs3_NtNtCs2jO2QXn3WZ6_16soroban_debugger8analyzer8securityNtB5_21ReentrancyPatternRuleNtB5_12SecurityRule15analyze_dynamic
FNDA:0,_RNvXs3_NtNtCs2jO2QXn3WZ6_16soroban_debugger8analyzer8securityNtB5_21ReentrancyPatternRuleNtB5_12SecurityRule4name
FNDA:0,_RNvXs4_NtNtCs2jO2QXn3WZ6_16soroban_debugger8analyzer8securityNtB5_22UnboundedIterationRuleNtB5_12SecurityRule11description
FNDA:0,_RNvXs4_NtNtCs2jO2QXn3WZ6_16soroban_debugger8analyzer8securityNtB5_22UnboundedIterationRuleNtB5_12SecurityRule14analyze_static
FNDA:0,_RNvXs4_NtNtCs2jO2QXn3WZ6_16soroban_debugger8analyzer8securityNtB5_22UnboundedIterationRuleNtB5_12SecurityRule15analyze_dynamic
FNDA:0,_RNvXs4_NtNtCs2jO2QXn3WZ6_16soroban_debugger8analyzer8securityNtB5_22UnboundedIterationRuleNtB5_12SecurityRule4name
FNDA:0,_RNvXs_NtNtCs2jO2QXn3WZ6_16soroban_debugger8analyzer8securityNtB4_16SecurityAnalyzerNtNtCslH02haMvknO_4core7default7Default7default
FNDA:0,_RNvYpNtNtNtCs2jO2QXn3WZ6_16soroban_debugger8analyzer8security12SecurityRule14analyze_staticB9_
FNDA:0,_RNvYpNtNtNtCs2jO2QXn3WZ6_16soroban_debugger8analyzer8security12SecurityRule15analyze_dynamicB9_
FNF:22
FNH:0
DA:30,0
DA:31,0
DA:32,0
DA:33,0
DA:34,0
DA:35,0
DA:36,0
DA:37,0
DA:38,0
DA:39,0
DA:47,0
DA:48,0
DA:49,0
DA:50,0
DA:51,0
DA:52,0
DA:53,0
DA:54,0
DA:55,0
DA:56,0
DA:57,0
DA:59,0
DA:60,0
DA:61,0
DA:62,0
DA:63,0
DA:64,0
DA:65,0
DA:67,0
DA:69,0
DA:70,0
DA:73,0
DA:74,0
DA:75,0
DA:76,0
DA:79,0
DA:80,0
DA:84,0
DA:85,0
DA:86,0
DA:93,0
DA:94,0
DA:95,0
DA:96,0
DA:97,0
DA:98,0
DA:100,0
DA:101,0
DA:104,0
DA:105,0
DA:106,0
DA:107,0
DA:108,0
DA:111,0
DA:112,0
DA:113,0
DA:114,0
DA:115,0
DA:116,0
DA:117,0
DA:118,0
DA:119,0
DA:120,0
DA:123,0
DA:125,0
DA:126,0
DA:131,0
DA:132,0
DA:133,0
DA:134,0
DA:135,0
DA:136,0
DA:138,0
DA:144,0
DA:145,0
DA:150,0
DA:151,0
DA:152,0
DA:153,0
DA:154,0
DA:155,0
DA:157,0
DA:158,0
DA:159,0
DA:160,0
DA:161,0
DA:162,0
DA:166,0
DA:167,0
DA:169,0
DA:170,0
DA:171,0
DA:172,0
DA:173,0
DA:174,0
DA:175,0
DA:178,0
DA:179,0
DA:180,0
DA:181,0
DA:182,0
DA:183,0
DA:184,0
DA:185,0
DA:186,0
DA:187,0
DA:188,0
DA:190,0
DA:191,0
DA:196,0
DA:197,0
DA:198,0
DA:199,0
DA:200,0
DA:201,0
DA:203,0
DA:204,0
DA:205,0
DA:206,0
DA:207,0
DA:208,0
DA:209,0
DA:211,0
DA:212,0
DA:213,0
DA:214,0
DA:215,0
DA:216,0
DA:217,0
DA:218,0
DA:219,0
DA:220,0
DA:221,0
DA:222,0
DA:223,0
DA:224,0
DA:225,0
DA:226,0
DA:227,0
DA:229,0
DA:230,0
DA:235,0
DA:236,0
DA:237,0
DA:238,0
DA:239,0
DA:240,0
DA:242,0
DA:245,0
DA:246,0
DA:248,0
DA:249,0
DA:250,0
DA:251,0
DA:252,0
DA:253,0
DA:254,0
DA:255,0
DA:256,0
DA:257,0
DA:258,0
DA:261,0
DA:262,0
DA:263,0
DA:264,0
DA:265,0
DA:266,0
DA:267,0
DA:268,0
DA:269,0
DA:270,0
DA:271,0
BRF:0
BRH:0
LF:173
LH:0
end_of_record
SF:/home/admin/Desktop/opensource/soroban-debugger/src/analyzer/symbolic.rs
FN:100,_RNCNvMNtNtCsjDzxbYtLkYp_16soroban_debugger8analyzer8symbolicNtB4_16SymbolicAnalyzer13get_arg_count0B8_
FN:119,_RNCNvMNtNtCsjDzxbYtLkYp_16soroban_debugger8analyzer8symbolicNtB4_16SymbolicAnalyzer13get_arg_counts0_0B8_
FN:129,_RNCNvMNtNtCsjDzxbYtLkYp_16soroban_debugger8analyzer8symbolicNtB4_16SymbolicAnalyzer13get_arg_counts1_0B8_
FN:104,_RNCNvMNtNtCsjDzxbYtLkYp_16soroban_debugger8analyzer8symbolicNtB4_16SymbolicAnalyzer13get_arg_counts_0B8_
FN:46,_RNCNvMNtNtCsjDzxbYtLkYp_16soroban_debugger8analyzer8symbolicNtB4_16SymbolicAnalyzer7analyze0B8_
FN:100,_RNCNvMNtNtCs2jO2QXn3WZ6_16soroban_debugger8analyzer8symbolicNtB4_16SymbolicAnalyzer13get_arg_count0B8_
FN:119,_RNCNvMNtNtCs2jO2QXn3WZ6_16soroban_debugger8analyzer8symbolicNtB4_16SymbolicAnalyzer13get_arg_counts0_0B8_
FN:129,_RNCNvMNtNtCs2jO2QXn3WZ6_16soroban_debugger8analyzer8symbolicNtB4_16SymbolicAnalyzer13get_arg_counts1_0B8_
FN:104,_RNCNvMNtNtCs2jO2QXn3WZ6_16soroban_debugger8analyzer8symbolicNtB4_16SymbolicAnalyzer13get_arg_counts_0B8_
FN:46,_RNCNvMNtNtCs2jO2QXn3WZ6_16soroban_debugger8analyzer8symbolicNtB4_16SymbolicAnalyzer7analyze0B8_
FN:92,_RNvMNtNtCs2jO2QXn3WZ6_16soroban_debugger8analyzer8symbolicNtB2_16SymbolicAnalyzer13get_arg_count
FN:191,_RNvMNtNtCs2jO2QXn3WZ6_16soroban_debugger8analyzer8symbolicNtB2_16SymbolicAnalyzer22generate_scenario_toml
FN:160,_RNvMNtNtCs2jO2QXn3WZ6_16soroban_debugger8analyzer8symbolicNtB2_16SymbolicAnalyzer27generate_input_combinations
FN:27,_RNvMNtNtCs2jO2QXn3WZ6_16soroban_debugger8analyzer8symbolicNtB2_16SymbolicAnalyzer3new
FN:31,_RNvMNtNtCs2jO2QXn3WZ6_16soroban_debugger8analyzer8symbolicNtB2_16SymbolicAnalyzer7analyze
FNDA:0,_RNCNvMNtNtCsjDzxbYtLkYp_16soroban_debugger8analyzer8symbolicNtB4_16SymbolicAnalyzer13get_arg_count0B8_
FNDA:0,_RNCNvMNtNtCsjDzxbYtLkYp_16soroban_debugger8analyzer8symbolicNtB4_16SymbolicAnalyzer13get_arg_counts0_0B8_
FNDA:0,_RNCNvMNtNtCsjDzxbYtLkYp_16soroban_debugger8analyzer8symbolicNtB4_16SymbolicAnalyzer13get_arg_counts1_0B8_
FNDA:0,_RNCNvMNtNtCsjDzxbYtLkYp_16soroban_debugger8analyzer8symbolicNtB4_16SymbolicAnalyzer13get_arg_counts_0B8_
FNDA:0,_RNCNvMNtNtCsjDzxbYtLkYp_16soroban_debugger8analyzer8symbolicNtB4_16SymbolicAnalyzer7analyze0B8_
FNDA:0,_RNCNvMNtNtCs2jO2QXn3WZ6_16soroban_debugger8analyzer8symbolicNtB4_16SymbolicAnalyzer13get_arg_count0B8_
FNDA:0,_RNCNvMNtNtCs2jO2QXn3WZ6_16soroban_debugger8analyzer8symbolicNtB4_16SymbolicAnalyzer13get_arg_counts0_0B8_
FNDA:0,_RNCNvMNtNtCs2jO2QXn3WZ6_16soroban_debugger8analyzer8symbolicNtB4_16SymbolicAnalyzer13get_arg_counts1_0B8_
FNDA:0,_RNCNvMNtNtCs2jO2QXn3WZ6_16soroban_debugger8analyzer8symbolicNtB4_16SymbolicAnalyzer13get_arg_counts_0B8_
FNDA:0,_RNCNvMNtNtCs2jO2QXn3WZ6_16soroban_debugger8analyzer8symbolicNtB4_16SymbolicAnalyzer7analyze0B8_
FNDA:0,_RNvMNtNtCs2jO2QXn3WZ6_16soroban_debugger8analyzer8symbolicNtB2_16SymbolicAnalyzer13get_arg_count
FNDA:0,_RNvMNtNtCs2jO2QXn3WZ6_16soroban_debugger8analyzer8symbolicNtB2_16SymbolicAnalyzer22generate_scenario_toml
FNDA:0,_RNvMNtNtCs2jO2QXn3WZ6_16soroban_debugger8analyzer8symbolicNtB2_16SymbolicAnalyzer27generate_input_combinations
FNDA:0,_RNvMNtNtCs2jO2QXn3WZ6_16soroban_debugger8analyzer8symbolicNtB2_16SymbolicAnalyzer3new
FNDA:0,_RNvMNtNtCs2jO2QXn3WZ6_16soroban_debugger8analyzer8symbolicNtB2_16SymbolicAnalyzer7analyze
FNF:10
FNH:0
DA:27,0
DA:28,0
DA:29,0
DA:31,0
DA:32,0
DA:33,0
DA:35,0
DA:36,0
DA:37,0
DA:38,0
DA:39,0
DA:40,0
DA:43,0
DA:45,0
DA:46,0
DA:47,0
DA:48,0
DA:50,0
DA:52,0
DA:54,0
DA:55,0
DA:56,0
DA:57,0
DA:58,0
DA:59,0
DA:60,0
DA:61,0
DA:62,0
DA:64,0
DA:65,0
DA:66,0
DA:67,0
DA:68,0
DA:69,0
DA:70,0
DA:71,0
DA:72,0
DA:73,0
DA:76,0
DA:77,0
DA:78,0
DA:79,0
DA:80,0
DA:81,0
DA:82,0
DA:83,0
DA:86,0
DA:89,0
DA:90,0
DA:92,0
DA:93,0
DA:94,0
DA:95,0
DA:96,0
DA:98,0
DA:99,0
DA:100,0
DA:102,0
DA:103,0
DA:104,0
DA:105,0
DA:106,0
DA:107,0
DA:108,0
DA:109,0
DA:110,0
DA:111,0
DA:112,0
DA:113,0
DA:117,0
DA:118,0
DA:119,0
DA:120,0
DA:121,0
DA:122,0
DA:123,0
DA:124,0
DA:127,0
DA:128,0
DA:129,0
DA:130,0
DA:131,0
DA:132,0
DA:133,0
DA:134,0
DA:135,0
DA:136,0
DA:137,0
DA:140,0
DA:144,0
DA:145,0
DA:146,0
DA:147,0
DA:148,0
DA:149,0
DA:150,0
DA:151,0
DA:154,0
DA:155,0
DA:156,0
DA:157,0
DA:158,0
DA:160,0
DA:162,0
DA:164,0
DA:165,0
DA:166,0
DA:167,0
DA:168,0
DA:170,0
DA:171,0
DA:172,0
DA:173,0
DA:174,0
DA:175,0
DA:177,0
DA:178,0
DA:179,0
DA:180,0
DA:181,0
DA:183,0
DA:184,0
DA:187,0
DA:188,0
DA:189,0
DA:191,0
DA:192,0
DA:193,0
DA:194,0
DA:195,0
DA:196,0
DA:198,0
DA:199,0
DA:200,0
DA:201,0
DA:203,0
DA:204,0
DA:205,0
DA:206,0
DA:207,0
DA:208,0
DA:209,0
DA:210,0
DA:213,0
DA:214,0
BRF:0
BRH:0
LF:153
LH:0
end_of_record
SF:/home/admin/Desktop/opensource/soroban-debugger/src/analyzer/upgrade.rs
FN:183,_RNCNvMs2_NtNtCsjDzxbYtLkYp_16soroban_debugger8analyzer7upgradeNtB7_15UpgradeAnalyzer7analyze0Bb_
FN:114,_RNCNvXs0_NtNtCsjDzxbYtLkYp_16soroban_debugger8analyzer7upgradeNtB7_14BreakingChangeNtNtCslH02haMvknO_4core3fmt7Display3fmt0Bb_
FN:115,_RNCNvXs0_NtNtCsjDzxbYtLkYp_16soroban_debugger8analyzer7upgradeNtB7_14BreakingChangeNtNtCslH02haMvknO_4core3fmt7Display3fmts_0Bb_
FN:43,_RNCNvXs_NtNtCsjDzxbYtLkYp_16soroban_debugger8analyzer7upgradeNtB6_17FunctionSignatureNtNtCslH02haMvknO_4core3fmt7Display3fmt0Ba_
FN:44,_RNCNvXs_NtNtCsjDzxbYtLkYp_16soroban_debugger8analyzer7upgradeNtB6_17FunctionSignatureNtNtCslH02haMvknO_4core3fmt7Display3fmts_0Ba_
FN:199,_RNvMs2_NtNtCsjDzxbYtLkYp_16soroban_debugger8analyzer7upgradeNtB5_15UpgradeAnalyzer15diff_signatures
FN:170,_RNvMs2_NtNtCsjDzxbYtLkYp_16soroban_debugger8analyzer7upgradeNtB5_15UpgradeAnalyzer7analyze
FN:19,_RNvXNtNtCsjDzxbYtLkYp_16soroban_debugger8analyzer7upgradeNtB2_8WasmTypeNtNtCslH02haMvknO_4core3fmt7Display3fmt
FN:81,_RNvXs0_NtNtCsjDzxbYtLkYp_16soroban_debugger8analyzer7upgradeNtB5_14BreakingChangeNtNtCslH02haMvknO_4core3fmt7Display3fmt
FN:136,_RNvXs1_NtNtCsjDzxbYtLkYp_16soroban_debugger8analyzer7upgradeNtB5_17NonBreakingChangeNtNtCslH02haMvknO_4core3fmt7Display3fmt
FN:42,_RNvXs_NtNtCsjDzxbYtLkYp_16soroban_debugger8analyzer7upgradeNtB4_17FunctionSignatureNtNtCslH02haMvknO_4core3fmt7Display3fmt
FN:183,_RNCNvMs2_NtNtCs2jO2QXn3WZ6_16soroban_debugger8analyzer7upgradeNtB7_15UpgradeAnalyzer7analyze0Bb_
FN:114,_RNCNvXs0_NtNtCs2jO2QXn3WZ6_16soroban_debugger8analyzer7upgradeNtB7_14BreakingChangeNtNtCslH02haMvknO_4core3fmt7Display3fmt0Bb_
FN:115,_RNCNvXs0_NtNtCs2jO2QXn3WZ6_16soroban_debugger8analyzer7upgradeNtB7_14BreakingChangeNtNtCslH02haMvknO_4core3fmt7Display3fmts_0Bb_
FN:43,_RNCNvXs_NtNtCs2jO2QXn3WZ6_16soroban_debugger8analyzer7upgradeNtB6_17FunctionSignatureNtNtCslH02haMvknO_4core3fmt7Display3fmt0Ba_
FN:44,_RNCNvXs_NtNtCs2jO2QXn3WZ6_16soroban_debugger8analyzer7upgradeNtB6_17FunctionSignatureNtNtCslH02haMvknO_4core3fmt7Display3fmts_0Ba_
FN:170,_RNvMs2_NtNtCs2jO2QXn3WZ6_16soroban_debugger8analyzer7upgradeNtB5_15UpgradeAnalyzer7analyze
FN:19,_RNvXNtNtCs2jO2QXn3WZ6_16soroban_debugger8analyzer7upgradeNtB2_8WasmTypeNtNtCslH02haMvknO_4core3fmt7Display3fmt
FN:81,_RNvXs0_NtNtCs2jO2QXn3WZ6_16soroban_debugger8analyzer7upgradeNtB5_14BreakingChangeNtNtCslH02haMvknO_4core3fmt7Display3fmt
FN:136,_RNvXs1_NtNtCs2jO2QXn3WZ6_16soroban_debugger8analyzer7upgradeNtB5_17NonBreakingChangeNtNtCslH02haMvknO_4core3fmt7Display3fmt
FN:42,_RNvXs_NtNtCs2jO2QXn3WZ6_16soroban_debugger8analyzer7upgradeNtB4_17FunctionSignatureNtNtCslH02haMvknO_4core3fmt7Display3fmt
FN:212,_RNvNtNtNtCs2jO2QXn3WZ6_16soroban_debugger8analyzer7upgrade5tests3sig
FN:221,_RNvNtNtNtCs2jO2QXn3WZ6_16soroban_debugger8analyzer7upgrade5testss_31test_diff_signatures_no_changes
FN:232,_RNvNtNtNtCs2jO2QXn3WZ6_16soroban_debugger8analyzer7upgrade5testss_42test_diff_signatures_placeholder_is_stable
FN:199,_RNvMs2_NtNtCs2jO2QXn3WZ6_16soroban_debugger8analyzer7upgradeNtB5_15UpgradeAnalyzer15diff_signatures
FNDA:0,_RNCNvMs2_NtNtCsjDzxbYtLkYp_16soroban_debugger8analyzer7upgradeNtB7_15UpgradeAnalyzer7analyze0Bb_
FNDA:0,_RNCNvXs0_NtNtCsjDzxbYtLkYp_16soroban_debugger8analyzer7upgradeNtB7_14BreakingChangeNtNtCslH02haMvknO_4core3fmt7Display3fmt0Bb_
FNDA:0,_RNCNvXs0_NtNtCsjDzxbYtLkYp_16soroban_debugger8analyzer7upgradeNtB7_14BreakingChangeNtNtCslH02haMvknO_4core3fmt7Display3fmts_0Bb_
FNDA:0,_RNCNvXs_NtNtCsjDzxbYtLkYp_16soroban_debugger8analyzer7upgradeNtB6_17FunctionSignatureNtNtCslH02haMvknO_4core3fmt7Display3fmt0Ba_
FNDA:0,_RNCNvXs_NtNtCsjDzxbYtLkYp_16soroban_debugger8analyzer7upgradeNtB6_17FunctionSignatureNtNtCslH02haMvknO_4core3fmt7Display3fmts_0Ba_
FNDA:0,_RNvMs2_NtNtCsjDzxbYtLkYp_16soroban_debugger8analyzer7upgradeNtB5_15UpgradeAnalyzer15diff_signatures
FNDA:1,_RNvMs2_NtNtCsjDzxbYtLkYp_16soroban_debugger8analyzer7upgradeNtB5_15UpgradeAnalyzer7analyze
FNDA:0,_RNvXNtNtCsjDzxbYtLkYp_16soroban_debugger8analyzer7upgradeNtB2_8WasmTypeNtNtCslH02haMvknO_4core3fmt7Display3fmt
FNDA:0,_RNvXs0_NtNtCsjDzxbYtLkYp_16soroban_debugger8analyzer7upgradeNtB5_14BreakingChangeNtNtCslH02haMvknO_4core3fmt7Display3fmt
FNDA:0,_RNvXs1_NtNtCsjDzxbYtLkYp_16soroban_debugger8analyzer7upgradeNtB5_17NonBreakingChangeNtNtCslH02haMvknO_4core3fmt7Display3fmt
FNDA:0,_RNvXs_NtNtCsjDzxbYtLkYp_16soroban_debugger8analyzer7upgradeNtB4_17FunctionSignatureNtNtCslH02haMvknO_4core3fmt7Display3fmt
FNDA:0,_RNCNvMs2_NtNtCs2jO2QXn3WZ6_16soroban_debugger8analyzer7upgradeNtB7_15UpgradeAnalyzer7analyze0Bb_
FNDA:0,_RNCNvXs0_NtNtCs2jO2QXn3WZ6_16soroban_debugger8analyzer7upgradeNtB7_14BreakingChangeNtNtCslH02haMvknO_4core3fmt7Display3fmt0Bb_
FNDA:0,_RNCNvXs0_NtNtCs2jO2QXn3WZ6_16soroban_debugger8analyzer7upgradeNtB7_14BreakingChangeNtNtCslH02haMvknO_4core3fmt7Display3fmts_0Bb_
FNDA:0,_RNCNvXs_NtNtCs2jO2QXn3WZ6_16soroban_debugger8analyzer7upgradeNtB6_17FunctionSignatureNtNtCslH02haMvknO_4core3fmt7Display3fmt0Ba_
FNDA:0,_RNCNvXs_NtNtCs2jO2QXn3WZ6_16soroban_debugger8analyzer7upgradeNtB6_17FunctionSignatureNtNtCslH02haMvknO_4core3fmt7Display3fmts_0Ba_
FNDA:0,_RNvMs2_NtNtCs2jO2QXn3WZ6_16soroban_debugger8analyzer7upgradeNtB5_15UpgradeAnalyzer7analyze
FNDA:0,_RNvXNtNtCs2jO2QXn3WZ6_16soroban_debugger8analyzer7upgradeNtB2_8WasmTypeNtNtCslH02haMvknO_4core3fmt7Display3fmt
FNDA:0,_RNvXs0_NtNtCs2jO2QXn3WZ6_16soroban_debugger8analyzer7upgradeNtB5_14BreakingChangeNtNtCslH02haMvknO_4core3fmt7Display3fmt
FNDA:0,_RNvXs1_NtNtCs2jO2QXn3WZ6_16soroban_debugger8analyzer7upgradeNtB5_17NonBreakingChangeNtNtCslH02haMvknO_4core3fmt7Display3fmt
FNDA:0,_RNvXs_NtNtCs2jO2QXn3WZ6_16soroban_debugger8analyzer7upgradeNtB4_17FunctionSignatureNtNtCslH02haMvknO_4core3fmt7Display3fmt
FNDA:3,_RNvNtNtNtCs2jO2QXn3WZ6_16soroban_debugger8analyzer7upgrade5tests3sig
FNDA:1,_RNvNtNtNtCs2jO2QXn3WZ6_16soroban_debugger8analyzer7upgrade5testss_31test_diff_signatures_no_changes
FNDA:1,_RNvNtNtNtCs2jO2QXn3WZ6_16soroban_debugger8analyzer7upgrade5testss_42test_diff_signatures_placeholder_is_stable
FNDA:2,_RNvMs2_NtNtCs2jO2QXn3WZ6_16soroban_debugger8analyzer7upgradeNtB5_15UpgradeAnalyzer15diff_signatures
FNF:14
FNH:5
DA:19,0
DA:20,0
DA:21,0
DA:22,0
DA:23,0
DA:24,0
DA:25,0
DA:26,0
DA:27,0
DA:28,0
DA:30,0
DA:42,0
DA:43,0
DA:44,0
DA:45,0
DA:46,0
DA:49,0
DA:50,0
DA:52,0
DA:81,0
DA:82,0
DA:83,0
DA:84,0
DA:87,0
DA:88,0
DA:89,0
DA:91,0
DA:92,0
DA:98,0
DA:99,0
DA:100,0
DA:101,0
DA:103,0
DA:104,0
DA:110,0
DA:111,0
DA:112,0
DA:114,0
DA:115,0
DA:116,0
DA:117,0
DA:120,0
DA:121,0
DA:125,0
DA:136,0
DA:137,0
DA:138,0
DA:140,0
DA:170,1
DA:171,1
DA:172,1
DA:173,1
DA:174,1
DA:175,1
DA:176,1
DA:177,1
DA:178,0
DA:180,0
DA:181,0
DA:183,0
DA:184,0
DA:186,0
DA:187,0
DA:188,0
DA:189,0
DA:190,0
DA:191,0
DA:192,0
DA:193,0
DA:194,0
DA:195,0
DA:196,1
DA:199,2
DA:200,2
DA:201,2
DA:202,2
DA:204,2
DA:205,2
DA:212,3
DA:213,3
DA:214,3
DA:215,3
DA:216,3
DA:217,3
DA:218,3
DA:221,1
DA:222,1
DA:223,1
DA:224,1
DA:225,1
DA:226,1
DA:227,1
DA:228,1
DA:229,1
DA:232,1
DA:233,1
DA:234,1
DA:236,1
DA:237,1
DA:238,1
DA:239,1
DA:242,1
DA:243,1
DA:244,1
BRF:0
BRH:0
LF:109
LH:41
end_of_record
SF:/home/admin/Desktop/opensource/soroban-debugger/src/batch.rs
FN:300,_RNvNtCsjDzxbYtLkYp_16soroban_debugger5batch18truncate_for_table
FN:77,_RINvMNtCsjDzxbYtLkYp_16soroban_debugger5batchNtB3_13BatchExecutor15load_batch_fileRNtNtCs7dz5ZklJ0d7_3std4path4PathEB5_
FN:78,_RNCINvMNtCsjDzxbYtLkYp_16soroban_debugger5batchNtB5_13BatchExecutor15load_batch_fileRNtNtCs7dz5ZklJ0d7_3std4path4PathE0B7_
FN:86,_RNCINvMNtCsjDzxbYtLkYp_16soroban_debugger5batchNtB5_13BatchExecutor15load_batch_fileRNtNtCs7dz5ZklJ0d7_3std4path4PathEs_0B7_
FN:107,_RNCNvMNtCsjDzxbYtLkYp_16soroban_debugger5batchNtB4_13BatchExecutor13execute_batch0B6_
FN:153,_RNCNvMNtCsjDzxbYtLkYp_16soroban_debugger5batchNtB4_13BatchExecutor9summarizes0_0B6_
FN:152,_RNCNvMNtCsjDzxbYtLkYp_16soroban_debugger5batchNtB4_13BatchExecutor9summarizes_0B6_
FN:103,_RNvMNtCsjDzxbYtLkYp_16soroban_debugger5batchNtB2_13BatchExecutor13execute_batch
FN:114,_RNvMNtCsjDzxbYtLkYp_16soroban_debugger5batchNtB2_13BatchExecutor14execute_single
FN:166,_RNvMNtCsjDzxbYtLkYp_16soroban_debugger5batchNtB2_13BatchExecutor15display_results
FN:69,_RNvMNtCsjDzxbYtLkYp_16soroban_debugger5batchNtB2_13BatchExecutor3new
FN:149,_RNvMNtCsjDzxbYtLkYp_16soroban_debugger5batchNtB2_13BatchExecutor9summarize
FN:292,_RNvNtCsjDzxbYtLkYp_16soroban_debugger5batch18json_value_to_text
FN:272,_RNvXs_NtCsjDzxbYtLkYp_16soroban_debugger5batchNtB4_9BatchItemINtNtCslH02haMvknO_4core7convert4FromNtB4_14BatchItemInputE4from
FN:77,_RINvMNtCsjDzxbYtLkYp_16soroban_debugger5batchNtB3_13BatchExecutor15load_batch_fileRNtNtCs7dz5ZklJ0d7_3std4path7PathBufECsb8rWmVmmMs9_11batch_tests
FN:78,_RNCINvMNtCsjDzxbYtLkYp_16soroban_debugger5batchNtB5_13BatchExecutor15load_batch_fileRNtNtCs7dz5ZklJ0d7_3std4path7PathBufE0Csb8rWmVmmMs9_11batch_tests
FN:86,_RNCINvMNtCsjDzxbYtLkYp_16soroban_debugger5batchNtB5_13BatchExecutor15load_batch_fileRNtNtCs7dz5ZklJ0d7_3std4path7PathBufEs_0Csb8rWmVmmMs9_11batch_tests
FN:77,_RINvMNtCs2jO2QXn3WZ6_16soroban_debugger5batchNtB3_13BatchExecutor15load_batch_filepEB5_
FN:78,_RNCINvMNtCs2jO2QXn3WZ6_16soroban_debugger5batchNtB5_13BatchExecutor15load_batch_filepE0B7_
FN:86,_RNCINvMNtCs2jO2QXn3WZ6_16soroban_debugger5batchNtB5_13BatchExecutor15load_batch_filepEs_0B7_
FN:107,_RNCNvMNtCs2jO2QXn3WZ6_16soroban_debugger5batchNtB4_13BatchExecutor13execute_batch0B6_
FN:103,_RNvMNtCs2jO2QXn3WZ6_16soroban_debugger5batchNtB2_13BatchExecutor13execute_batch
FN:114,_RNvMNtCs2jO2QXn3WZ6_16soroban_debugger5batchNtB2_13BatchExecutor14execute_single
FN:166,_RNvMNtCs2jO2QXn3WZ6_16soroban_debugger5batchNtB2_13BatchExecutor15display_results
FN:69,_RNvMNtCs2jO2QXn3WZ6_16soroban_debugger5batchNtB2_13BatchExecutor3new
FN:292,_RNvNtCs2jO2QXn3WZ6_16soroban_debugger5batch18json_value_to_text
FN:300,_RNvNtCs2jO2QXn3WZ6_16soroban_debugger5batch18truncate_for_table
FN:272,_RNvXs_NtCs2jO2QXn3WZ6_16soroban_debugger5batchNtB4_9BatchItemINtNtCslH02haMvknO_4core7convert4FromNtB4_14BatchItemInputE4from
FN:149,_RNvMNtCs2jO2QXn3WZ6_16soroban_debugger5batchNtB2_13BatchExecutor9summarize
FN:153,_RNCNvMNtCs2jO2QXn3WZ6_16soroban_debugger5batchNtB4_13BatchExecutor9summarizes0_0B6_
FN:152,_RNCNvMNtCs2jO2QXn3WZ6_16soroban_debugger5batchNtB4_13BatchExecutor9summarizes_0B6_
FN:334,_RNvNtNtCs2jO2QXn3WZ6_16soroban_debugger5batch5testss_18test_batch_summary
FN:318,_RNvNtNtCs2jO2QXn3WZ6_16soroban_debugger5batch5testss_31test_batch_item_deserialization
FNDA:0,_RNvNtCsjDzxbYtLkYp_16soroban_debugger5batch18truncate_for_table
FNDA:1,_RINvMNtCsjDzxbYtLkYp_16soroban_debugger5batchNtB3_13BatchExecutor15load_batch_fileRNtNtCs7dz5ZklJ0d7_3std4path4PathEB5_
FNDA:1,_RNCINvMNtCsjDzxbYtLkYp_16soroban_debugger5batchNtB5_13BatchExecutor15load_batch_fileRNtNtCs7dz5ZklJ0d7_3std4path4PathE0B7_
FNDA:0,_RNCINvMNtCsjDzxbYtLkYp_16soroban_debugger5batchNtB5_13BatchExecutor15load_batch_fileRNtNtCs7dz5ZklJ0d7_3std4path4PathEs_0B7_
FNDA:0,_RNCNvMNtCsjDzxbYtLkYp_16soroban_debugger5batchNtB4_13BatchExecutor13execute_batch0B6_
FNDA:3,_RNCNvMNtCsjDzxbYtLkYp_16soroban_debugger5batchNtB4_13BatchExecutor9summarizes0_0B6_
FNDA:3,_RNCNvMNtCsjDzxbYtLkYp_16soroban_debugger5batchNtB4_13BatchExecutor9summarizes_0B6_
FNDA:0,_RNvMNtCsjDzxbYtLkYp_16soroban_debugger5batchNtB2_13BatchExecutor13execute_batch
FNDA:0,_RNvMNtCsjDzxbYtLkYp_16soroban_debugger5batchNtB2_13BatchExecutor14execute_single
FNDA:0,_RNvMNtCsjDzxbYtLkYp_16soroban_debugger5batchNtB2_13BatchExecutor15display_results
FNDA:0,_RNvMNtCsjDzxbYtLkYp_16soroban_debugger5batchNtB2_13BatchExecutor3new
FNDA:1,_RNvMNtCsjDzxbYtLkYp_16soroban_debugger5batchNtB2_13BatchExecutor9summarize
FNDA:3,_RNvNtCsjDzxbYtLkYp_16soroban_debugger5batch18json_value_to_text
FNDA:2,_RNvXs_NtCsjDzxbYtLkYp_16soroban_debugger5batchNtB4_9BatchItemINtNtCslH02haMvknO_4core7convert4FromNtB4_14BatchItemInputE4from
FNDA:3,_RINvMNtCsjDzxbYtLkYp_16soroban_debugger5batchNtB3_13BatchExecutor15load_batch_fileRNtNtCs7dz5ZklJ0d7_3std4path7PathBufECsb8rWmVmmMs9_11batch_tests
FNDA:0,_RNCINvMNtCsjDzxbYtLkYp_16soroban_debugger5batchNtB5_13BatchExecutor15load_batch_fileRNtNtCs7dz5ZklJ0d7_3std4path7PathBufE0Csb8rWmVmmMs9_11batch_tests
FNDA:2,_RNCINvMNtCsjDzxbYtLkYp_16soroban_debugger5batchNtB5_13BatchExecutor15load_batch_fileRNtNtCs7dz5ZklJ0d7_3std4path7PathBufEs_0Csb8rWmVmmMs9_11batch_tests
FNDA:0,_RINvMNtCs2jO2QXn3WZ6_16soroban_debugger5batchNtB3_13BatchExecutor15load_batch_filepEB5_
FNDA:0,_RNCINvMNtCs2jO2QXn3WZ6_16soroban_debugger5batchNtB5_13BatchExecutor15load_batch_filepE0B7_
FNDA:0,_RNCINvMNtCs2jO2QXn3WZ6_16soroban_debugger5batchNtB5_13BatchExecutor15load_batch_filepEs_0B7_
FNDA:0,_RNCNvMNtCs2jO2QXn3WZ6_16soroban_debugger5batchNtB4_13BatchExecutor13execute_batch0B6_
FNDA:0,_RNvMNtCs2jO2QXn3WZ6_16soroban_debugger5batchNtB2_13BatchExecutor13execute_batch
FNDA:0,_RNvMNtCs2jO2QXn3WZ6_16soroban_debugger5batchNtB2_13BatchExecutor14execute_single
FNDA:0,_RNvMNtCs2jO2QXn3WZ6_16soroban_debugger5batchNtB2_13BatchExecutor15display_results
FNDA:0,_RNvMNtCs2jO2QXn3WZ6_16soroban_debugger5batchNtB2_13BatchExecutor3new
FNDA:0,_RNvNtCs2jO2QXn3WZ6_16soroban_debugger5batch18json_value_to_text
FNDA:0,_RNvNtCs2jO2QXn3WZ6_16soroban_debugger5batch18truncate_for_table
FNDA:0,_RNvXs_NtCs2jO2QXn3WZ6_16soroban_debugger5batchNtB4_9BatchItemINtNtCslH02haMvknO_4core7convert4FromNtB4_14BatchItemInputE4from
FNDA:1,_RNvMNtCs2jO2QXn3WZ6_16soroban_debugger5batchNtB2_13BatchExecutor9summarize
FNDA:2,_RNCNvMNtCs2jO2QXn3WZ6_16soroban_debugger5batchNtB4_13BatchExecutor9summarizes0_0B6_
FNDA:2,_RNCNvMNtCs2jO2QXn3WZ6_16soroban_debugger5batchNtB4_13BatchExecutor9summarizes_0B6_
FNDA:1,_RNvNtNtCs2jO2QXn3WZ6_16soroban_debugger5batch5testss_18test_batch_summary
FNDA:1,_RNvNtNtCs2jO2QXn3WZ6_16soroban_debugger5batch5testss_31test_batch_item_deserialization
FNF:16
FNH:10
DA:69,0
DA:70,0
DA:71,0
DA:72,0
DA:73,0
DA:74,0
DA:77,4
DA:78,4
DA:79,1
DA:80,1
DA:81,1
DA:82,1
DA:83,1
DA:84,1
DA:86,3
DA:87,2
DA:88,2
DA:89,2
DA:90,2
DA:91,2
DA:92,2
DA:94,1
DA:95,1
DA:96,1
DA:97,1
DA:99,1
DA:100,4
DA:103,0
DA:104,0
DA:105,0
DA:106,0
DA:107,0
DA:108,0
DA:110,0
DA:111,0
DA:114,0
DA:115,0
DA:117,0
DA:119,0
DA:120,0
DA:121,0
DA:122,0
DA:124,0
DA:127,0
DA:129,0
DA:130,0
DA:132,0
DA:135,0
DA:136,0
DA:137,0
DA:138,0
DA:139,0
DA:140,0
DA:141,0
DA:142,0
DA:143,0
DA:144,0
DA:145,0
DA:146,0
DA:149,2
DA:150,2
DA:151,2
DA:152,5
DA:153,5
DA:154,2
DA:156,2
DA:157,2
DA:158,2
DA:159,2
DA:160,2
DA:161,2
DA:162,2
DA:163,2
DA:166,0
DA:169,0
DA:170,0
DA:171,0
DA:172,0
DA:174,0
DA:175,0
DA:176,0
DA:177,0
DA:178,0
DA:180,0
DA:183,0
DA:184,0
DA:185,0
DA:186,0
DA:187,0
DA:189,0
DA:190,0
DA:191,0
DA:194,0
DA:195,0
DA:196,0
DA:197,0
DA:199,0
DA:200,0
DA:201,0
DA:202,0
DA:204,0
DA:205,0
DA:206,0
DA:207,0
DA:208,0
DA:209,0
DA:210,0
DA:211,0
DA:212,0
DA:213,0
DA:214,0
DA:215,0
DA:216,0
DA:217,0
DA:218,0
DA:219,0
DA:221,0
DA:222,0
DA:223,0
DA:227,0
DA:228,0
DA:229,0
DA:230,0
DA:231,0
DA:232,0
DA:233,0
DA:235,0
DA:236,0
DA:238,0
DA:240,0
DA:243,0
DA:244,0
DA:245,0
DA:246,0
DA:247,0
DA:248,0
DA:249,0
DA:250,0
DA:251,0
DA:253,0
DA:254,0
DA:255,0
DA:256,0
DA:257,0
DA:258,0
DA:259,0
DA:260,0
DA:261,0
DA:263,0
DA:264,0
DA:265,0
DA:267,0
DA:268,0
DA:272,2
DA:273,2
DA:274,0
DA:275,0
DA:276,0
DA:277,0
DA:278,0
DA:280,2
DA:281,2
DA:282,2
DA:283,2
DA:284,2
DA:285,2
DA:286,2
DA:287,2
DA:289,2
DA:292,3
DA:293,3
DA:294,3
DA:295,0
DA:297,3
DA:300,0
DA:301,0
DA:302,0
DA:303,0
DA:305,0
DA:306,0
DA:307,0
DA:308,0
DA:309,0
DA:310,0
DA:311,0
DA:318,1
DA:319,1
DA:320,1
DA:321,1
DA:322,1
DA:324,1
DA:325,1
DA:326,1
DA:327,1
DA:328,1
DA:329,1
DA:330,1
DA:331,1
DA:334,1
DA:335,1
DA:336,1
DA:337,1
DA:338,1
DA:339,1
DA:340,1
DA:341,1
DA:342,1
DA:343,1
DA:344,1
DA:345,1
DA:346,1
DA:347,1
DA:348,1
DA:349,1
DA:350,1
DA:351,1
DA:352,1
DA:353,1
DA:354,1
DA:355,1
DA:356,1
DA:357,1
DA:360,1
DA:361,1
DA:362,1
DA:363,1
DA:364,1
DA:365,1
DA:366,1
BRF:0
BRH:0
LF:236
LH:99
end_of_record
SF:/home/admin/Desktop/opensource/soroban-debugger/src/cli/args.rs
FN:346,_RNCNvMs0_NtNtCsjDzxbYtLkYp_16soroban_debugger3cli4argsNtB7_7RunArgs14is_json_output0Bb_
FN:20,_RNCNvNtNtCsjDzxbYtLkYp_16soroban_debugger3cli4args23get_deprecation_warning0B7_
FN:21,_RNCNvNtNtCsjDzxbYtLkYp_16soroban_debugger3cli4args23get_deprecation_warnings_0B7_
FN:53,_RNvMNtNtCsjDzxbYtLkYp_16soroban_debugger3cli4argsNtB2_9Verbosity12to_log_level
FN:350,_RNvMs0_NtNtCsjDzxbYtLkYp_16soroban_debugger3cli4argsNtB5_7RunArgs12merge_config
FN:340,_RNvMs0_NtNtCsjDzxbYtLkYp_16soroban_debugger3cli4argsNtB5_7RunArgs14is_json_output
FN:403,_RNvMs1_NtNtCsjDzxbYtLkYp_16soroban_debugger3cli4argsNtB5_15InteractiveArgs12merge_config
FN:437,_RNvMs2_NtNtCsjDzxbYtLkYp_16soroban_debugger3cli4argsNtB5_8ReplArgs12merge_config
FN:104,_RNvMs_NtNtCsjDzxbYtLkYp_16soroban_debugger3cli4argsNtB4_3Cli9verbosity
FN:17,_RNvNtNtCsjDzxbYtLkYp_16soroban_debugger3cli4args23get_deprecation_warning
FN:20,_RNCNvNtNtCs2jO2QXn3WZ6_16soroban_debugger3cli4args23get_deprecation_warning0B7_
FN:21,_RNCNvNtNtCs2jO2QXn3WZ6_16soroban_debugger3cli4args23get_deprecation_warnings_0B7_
FN:53,_RNvMNtNtCs2jO2QXn3WZ6_16soroban_debugger3cli4argsNtB2_9Verbosity12to_log_level
FN:350,_RNvMs0_NtNtCs2jO2QXn3WZ6_16soroban_debugger3cli4argsNtB5_7RunArgs12merge_config
FN:403,_RNvMs1_NtNtCs2jO2QXn3WZ6_16soroban_debugger3cli4argsNtB5_15InteractiveArgs12merge_config
FN:437,_RNvMs2_NtNtCs2jO2QXn3WZ6_16soroban_debugger3cli4argsNtB5_8ReplArgs12merge_config
FN:104,_RNvMs_NtNtCs2jO2QXn3WZ6_16soroban_debugger3cli4argsNtB4_3Cli9verbosity
FN:17,_RNvNtNtCs2jO2QXn3WZ6_16soroban_debugger3cli4args23get_deprecation_warning
FN:346,_RNCNvMs0_NtNtCs2jO2QXn3WZ6_16soroban_debugger3cli4argsNtB7_7RunArgs14is_json_output0Bb_
FN:340,_RNvMs0_NtNtCs2jO2QXn3WZ6_16soroban_debugger3cli4argsNtB5_7RunArgs14is_json_output
FN:544,_RNvNtNtNtCs2jO2QXn3WZ6_16soroban_debugger3cli4args5testss_29run_output_defaults_to_pretty
FN:563,_RNvNtNtNtCs2jO2QXn3WZ6_16soroban_debugger3cli4args5testss_33run_output_json_enables_json_mode
FN:584,_RNvNtNtNtCs2jO2QXn3WZ6_16soroban_debugger3cli4args5testss_40legacy_json_flag_still_enables_json_mode
FN:603,_RNvNtNtNtCs2jO2QXn3WZ6_16soroban_debugger3cli4args5testss_42legacy_format_json_still_enables_json_mode
FNDA:0,_RNCNvMs0_NtNtCsjDzxbYtLkYp_16soroban_debugger3cli4argsNtB7_7RunArgs14is_json_output0Bb_
FNDA:0,_RNCNvNtNtCsjDzxbYtLkYp_16soroban_debugger3cli4args23get_deprecation_warning0B7_
FNDA:0,_RNCNvNtNtCsjDzxbYtLkYp_16soroban_debugger3cli4args23get_deprecation_warnings_0B7_
FNDA:66,_RNvMNtNtCsjDzxbYtLkYp_16soroban_debugger3cli4argsNtB2_9Verbosity12to_log_level
FNDA:35,_RNvMs0_NtNtCsjDzxbYtLkYp_16soroban_debugger3cli4argsNtB5_7RunArgs12merge_config
FNDA:0,_RNvMs0_NtNtCsjDzxbYtLkYp_16soroban_debugger3cli4argsNtB5_7RunArgs14is_json_output
FNDA:0,_RNvMs1_NtNtCsjDzxbYtLkYp_16soroban_debugger3cli4argsNtB5_15InteractiveArgs12merge_config
FNDA:0,_RNvMs2_NtNtCsjDzxbYtLkYp_16soroban_debugger3cli4argsNtB5_8ReplArgs12merge_config
FNDA:66,_RNvMs_NtNtCsjDzxbYtLkYp_16soroban_debugger3cli4argsNtB4_3Cli9verbosity
FNDA:0,_RNvNtNtCsjDzxbYtLkYp_16soroban_debugger3cli4args23get_deprecation_warning
FNDA:0,_RNCNvNtNtCs2jO2QXn3WZ6_16soroban_debugger3cli4args23get_deprecation_warning0B7_
FNDA:0,_RNCNvNtNtCs2jO2QXn3WZ6_16soroban_debugger3cli4args23get_deprecation_warnings_0B7_
FNDA:0,_RNvMNtNtCs2jO2QXn3WZ6_16soroban_debugger3cli4argsNtB2_9Verbosity12to_log_level
FNDA:0,_RNvMs0_NtNtCs2jO2QXn3WZ6_16soroban_debugger3cli4argsNtB5_7RunArgs12merge_config
FNDA:0,_RNvMs1_NtNtCs2jO2QXn3WZ6_16soroban_debugger3cli4argsNtB5_15InteractiveArgs12merge_config
FNDA:0,_RNvMs2_NtNtCs2jO2QXn3WZ6_16soroban_debugger3cli4argsNtB5_8ReplArgs12merge_config
FNDA:0,_RNvMs_NtNtCs2jO2QXn3WZ6_16soroban_debugger3cli4argsNtB4_3Cli9verbosity
FNDA:0,_RNvNtNtCs2jO2QXn3WZ6_16soroban_debugger3cli4args23get_deprecation_warning
FNDA:1,_RNCNvMs0_NtNtCs2jO2QXn3WZ6_16soroban_debugger3cli4argsNtB7_7RunArgs14is_json_output0Bb_
FNDA:4,_RNvMs0_NtNtCs2jO2QXn3WZ6_16soroban_debugger3cli4argsNtB5_7RunArgs14is_json_output
FNDA:1,_RNvNtNtNtCs2jO2QXn3WZ6_16soroban_debugger3cli4args5testss_29run_output_defaults_to_pretty
FNDA:1,_RNvNtNtNtCs2jO2QXn3WZ6_16soroban_debugger3cli4args5testss_33run_output_json_enables_json_mode
FNDA:1,_RNvNtNtNtCs2jO2QXn3WZ6_16soroban_debugger3cli4args5testss_40legacy_json_flag_still_enables_json_mode
FNDA:1,_RNvNtNtNtCs2jO2QXn3WZ6_16soroban_debugger3cli4args5testss_42legacy_format_json_still_enables_json_mode
FNF:14
FNH:9
DA:17,0
DA:18,0
DA:19,0
DA:20,0
DA:21,0
DA:22,0
DA:26,0
DA:27,0
DA:53,66
DA:54,66
DA:55,5
DA:56,58
DA:57,3
DA:59,66
DA:104,66
DA:105,66
DA:106,5
DA:107,61
DA:108,3
DA:110,58
DA:112,66
DA:340,4
DA:341,4
DA:342,3
DA:343,2
DA:344,2
DA:345,2
DA:346,2
DA:347,2
DA:348,4
DA:350,35
DA:352,35
DA:353,0
DA:354,35
DA:357,35
DA:358,34
DA:359,0
DA:360,34
DA:361,1
DA:364,35
DA:365,32
DA:366,32
DA:369,35
DA:370,34
DA:371,0
DA:372,0
DA:373,0
DA:374,34
DA:375,1
DA:376,35
DA:403,0
DA:405,0
DA:437,0
DA:439,0
DA:544,1
DA:545,1
DA:546,1
DA:547,1
DA:548,1
DA:549,1
DA:550,1
DA:551,1
DA:552,1
DA:554,1
DA:555,0
DA:558,1
DA:559,1
DA:560,1
DA:563,1
DA:564,1
DA:565,1
DA:566,1
DA:567,1
DA:568,1
DA:569,1
DA:570,1
DA:571,1
DA:572,1
DA:573,1
DA:575,1
DA:576,0
DA:579,1
DA:580,1
DA:581,1
DA:584,1
DA:585,1
DA:586,1
DA:587,1
DA:588,1
DA:589,1
DA:590,1
DA:591,1
DA:592,1
DA:593,1
DA:595,1
DA:596,0
DA:599,1
DA:600,1
DA:603,1
DA:604,1
DA:605,1
DA:606,1
DA:607,1
DA:608,1
DA:609,1
DA:610,1
DA:611,1
DA:612,1
DA:613,1
DA:615,1
DA:616,0
DA:619,1
DA:620,1
BRF:0
BRH:0
LF:116
LH:93
end_of_record
SF:/home/admin/Desktop/opensource/soroban-debugger/src/cli/commands.rs
FN:751,_RNCNvNtNtCsjDzxbYtLkYp_16soroban_debugger3cli8commands26display_instruction_counts0B7_
FN:770,_RNCNvNtNtCsjDzxbYtLkYp_16soroban_debugger3cli8commands26display_instruction_countss0_0B7_
FN:764,_RNCNvNtNtCsjDzxbYtLkYp_16soroban_debugger3cli8commands26display_instruction_countss_0B7_
FN:731,_RNvNtNtCsjDzxbYtLkYp_16soroban_debugger3cli8commands22get_instruction_counts
FN:740,_RNvNtNtCsjDzxbYtLkYp_16soroban_debugger3cli8commands26display_instruction_counts
FN:21,_RINvNtNtCsjDzxbYtLkYp_16soroban_debugger3cli8commands10print_infoNtNtCshQKOepsJxml_5alloc6string6StringEB6_
FN:21,_RINvNtNtCsjDzxbYtLkYp_16soroban_debugger3cli8commands10print_infoRNtNtCshQKOepsJxml_5alloc6string6StringEB6_
FN:21,_RINvNtNtCsjDzxbYtLkYp_16soroban_debugger3cli8commands10print_infoReEB6_
FN:40,_RINvNtNtCsjDzxbYtLkYp_16soroban_debugger3cli8commands12print_resultNtNtCshQKOepsJxml_5alloc6string6StringEB6_
FN:27,_RINvNtNtCsjDzxbYtLkYp_16soroban_debugger3cli8commands13print_successNtNtCshQKOepsJxml_5alloc6string6StringEB6_
FN:27,_RINvNtNtCsjDzxbYtLkYp_16soroban_debugger3cli8commands13print_successReEB6_
FN:45,_RINvNtNtCsjDzxbYtLkYp_16soroban_debugger3cli8commands13print_verboseNtNtCshQKOepsJxml_5alloc6string6StringEB6_
FN:45,_RINvNtNtCsjDzxbYtLkYp_16soroban_debugger3cli8commands13print_verboseReEB6_
FN:33,_RINvNtNtCsjDzxbYtLkYp_16soroban_debugger3cli8commands13print_warningNtNtCshQKOepsJxml_5alloc6string6StringEB6_
FN:33,_RINvNtNtCsjDzxbYtLkYp_16soroban_debugger3cli8commands13print_warningReEB6_
FN:987,_RNCNvNtNtCsjDzxbYtLkYp_16soroban_debugger3cli8commands10parse_args0B7_
FN:698,_RNCNvNtNtCsjDzxbYtLkYp_16soroban_debugger3cli8commands11run_dry_run0B7_
FN:1011,_RNCNvNtNtCsjDzxbYtLkYp_16soroban_debugger3cli8commands13parse_storage0B7_
FN:805,_RNCNvNtNtCsjDzxbYtLkYp_16soroban_debugger3cli8commands13upgrade_check0B7_
FN:826,_RNCNvNtNtCsjDzxbYtLkYp_16soroban_debugger3cli8commands13upgrade_checks0_0B7_
FN:832,_RNCNvNtNtCsjDzxbYtLkYp_16soroban_debugger3cli8commands13upgrade_checks1_0B7_
FN:809,_RNCNvNtNtCsjDzxbYtLkYp_16soroban_debugger3cli8commands13upgrade_checks_0B7_
FN:856,_RNCNvNtNtCsjDzxbYtLkYp_16soroban_debugger3cli8commands15run_test_inputs0B7_
FN:964,_RNCNvNtNtCsjDzxbYtLkYp_16soroban_debugger3cli8commands18format_text_report0B7_
FN:969,_RNCNvNtNtCsjDzxbYtLkYp_16soroban_debugger3cli8commands18format_text_reports_0B7_
FN:630,_RNCNvNtNtCsjDzxbYtLkYp_16soroban_debugger3cli8commands21build_execution_trace0B7_
FN:190,_RNCNvNtNtCsjDzxbYtLkYp_16soroban_debugger3cli8commands3run0B7_
FN:412,_RNCNvNtNtCsjDzxbYtLkYp_16soroban_debugger3cli8commands3runs0_0B7_
FN:449,_RNCNvNtNtCsjDzxbYtLkYp_16soroban_debugger3cli8commands3runs1_0B7_
FN:531,_RNCNvNtNtCsjDzxbYtLkYp_16soroban_debugger3cli8commands3runs2_0B7_
FN:550,_RNCNvNtNtCsjDzxbYtLkYp_16soroban_debugger3cli8commands3runs3_0B7_
FN:567,_RNCNvNtNtCsjDzxbYtLkYp_16soroban_debugger3cli8commands3runs4_0B7_
FN:579,_RNCNvNtNtCsjDzxbYtLkYp_16soroban_debugger3cli8commands3runs5_0B7_
FN:582,_RNCNvNtNtCsjDzxbYtLkYp_16soroban_debugger3cli8commands3runs6_0B7_
FN:251,_RNCNvNtNtCsjDzxbYtLkYp_16soroban_debugger3cli8commands3runs_0B7_
FN:1466,_RNCNvNtNtCsjDzxbYtLkYp_16soroban_debugger3cli8commands4repl0B7_
FN:1267,_RNCNvNtNtCsjDzxbYtLkYp_16soroban_debugger3cli8commands6replay0B7_
FN:1303,_RNCNvNtNtCsjDzxbYtLkYp_16soroban_debugger3cli8commands6replays0_0B7_
FN:1336,_RNCNvNtNtCsjDzxbYtLkYp_16soroban_debugger3cli8commands6replays1_0B7_
FN:1357,_RNCNvNtNtCsjDzxbYtLkYp_16soroban_debugger3cli8commands6replays2_0B7_
FN:1280,_RNCNvNtNtCsjDzxbYtLkYp_16soroban_debugger3cli8commands6replays_0B7_
FN:1235,_RNCNvNtNtCsjDzxbYtLkYp_16soroban_debugger3cli8commands7compare0B7_
FN:1421,_RNCNvNtNtCsjDzxbYtLkYp_16soroban_debugger3cli8commands7inspect0B7_
FN:1435,_RNCNvNtNtCsjDzxbYtLkYp_16soroban_debugger3cli8commands7inspects_0B7_
FN:1144,_RNCNvNtNtCsjDzxbYtLkYp_16soroban_debugger3cli8commands7profile0B7_
FN:1205,_RNCNvNtNtCsjDzxbYtLkYp_16soroban_debugger3cli8commands7profiles_0B7_
FN:1029,_RNCNvNtNtCsjDzxbYtLkYp_16soroban_debugger3cli8commands8optimize0B7_
FN:1118,_RNCNvNtNtCsjDzxbYtLkYp_16soroban_debugger3cli8commands8optimizes_0B7_
FN:100,_RNCNvNtNtCsjDzxbYtLkYp_16soroban_debugger3cli8commands9run_batch0B7_
FN:150,_RNCNvNtNtCsjDzxbYtLkYp_16soroban_debugger3cli8commands9run_batchs0_0B7_
FN:142,_RNCNvNtNtCsjDzxbYtLkYp_16soroban_debugger3cli8commands9run_batchs_0B7_
FN:986,_RNvNtNtCsjDzxbYtLkYp_16soroban_debugger3cli8commands10parse_args
FN:1405,_RNvNtNtCsjDzxbYtLkYp_16soroban_debugger3cli8commands11interactive
FN:880,_RNvNtNtCsjDzxbYtLkYp_16soroban_debugger3cli8commands11invoke_wasm
FN:694,_RNvNtNtCsjDzxbYtLkYp_16soroban_debugger3cli8commands11run_dry_run
FN:1010,_RNvNtNtCsjDzxbYtLkYp_16soroban_debugger3cli8commands13parse_storage
FN:802,_RNvNtNtCsjDzxbYtLkYp_16soroban_debugger3cli8commands13upgrade_check
FN:62,_RNvNtNtCsjDzxbYtLkYp_16soroban_debugger3cli8commands15parse_step_mode
FN:849,_RNvNtNtCsjDzxbYtLkYp_16soroban_debugger3cli8commands15run_test_inputs
FN:1473,_RNvNtNtCsjDzxbYtLkYp_16soroban_debugger3cli8commands17show_budget_trend
FN:899,_RNvNtNtCsjDzxbYtLkYp_16soroban_debugger3cli8commands18format_text_report
FN:609,_RNvNtNtCsjDzxbYtLkYp_16soroban_debugger3cli8commands21build_execution_trace
FN:73,_RNvNtNtCsjDzxbYtLkYp_16soroban_debugger3cli8commands21display_mock_call_log
FN:52,_RNvNtNtCsjDzxbYtLkYp_16soroban_debugger3cli8commands24run_instruction_stepping
FN:172,_RNvNtNtCsjDzxbYtLkYp_16soroban_debugger3cli8commands3run
FN:1412,_RNvNtNtCsjDzxbYtLkYp_16soroban_debugger3cli8commands3tui
FN:1466,_RNvNtNtCsjDzxbYtLkYp_16soroban_debugger3cli8commands4repl
FN:1399,_RNvNtNtCsjDzxbYtLkYp_16soroban_debugger3cli8commands6remote
FN:1250,_RNvNtNtCsjDzxbYtLkYp_16soroban_debugger3cli8commands6replay
FN:1389,_RNvNtNtCsjDzxbYtLkYp_16soroban_debugger3cli8commands6server
FN:1452,_RNvNtNtCsjDzxbYtLkYp_16soroban_debugger3cli8commands7analyze
FN:1223,_RNvNtNtCsjDzxbYtLkYp_16soroban_debugger3cli8commands7compare
FN:1419,_RNvNtNtCsjDzxbYtLkYp_16soroban_debugger3cli8commands7inspect
FN:1137,_RNvNtNtCsjDzxbYtLkYp_16soroban_debugger3cli8commands7profile
FN:1021,_RNvNtNtCsjDzxbYtLkYp_16soroban_debugger3cli8commands8optimize
FN:1459,_RNvNtNtCsjDzxbYtLkYp_16soroban_debugger3cli8commands8scenario
FN:1445,_RNvNtNtCsjDzxbYtLkYp_16soroban_debugger3cli8commands8symbolic
FN:96,_RNvNtNtCsjDzxbYtLkYp_16soroban_debugger3cli8commands9run_batch
FN:40,_RINvNtNtCs2jO2QXn3WZ6_16soroban_debugger3cli8commands12print_resultpEB6_
FN:27,_RINvNtNtCs2jO2QXn3WZ6_16soroban_debugger3cli8commands13print_successpEB6_
FN:45,_RINvNtNtCs2jO2QXn3WZ6_16soroban_debugger3cli8commands13print_verbosepEB6_
FN:33,_RINvNtNtCs2jO2QXn3WZ6_16soroban_debugger3cli8commands13print_warningpEB6_
FN:987,_RNCNvNtNtCs2jO2QXn3WZ6_16soroban_debugger3cli8commands10parse_args0B7_
FN:698,_RNCNvNtNtCs2jO2QXn3WZ6_16soroban_debugger3cli8commands11run_dry_run0B7_
FN:1011,_RNCNvNtNtCs2jO2QXn3WZ6_16soroban_debugger3cli8commands13parse_storage0B7_
FN:805,_RNCNvNtNtCs2jO2QXn3WZ6_16soroban_debugger3cli8commands13upgrade_check0B7_
FN:826,_RNCNvNtNtCs2jO2QXn3WZ6_16soroban_debugger3cli8commands13upgrade_checks0_0B7_
FN:832,_RNCNvNtNtCs2jO2QXn3WZ6_16soroban_debugger3cli8commands13upgrade_checks1_0B7_
FN:809,_RNCNvNtNtCs2jO2QXn3WZ6_16soroban_debugger3cli8commands13upgrade_checks_0B7_
FN:856,_RNCNvNtNtCs2jO2QXn3WZ6_16soroban_debugger3cli8commands15run_test_inputs0B7_
FN:964,_RNCNvNtNtCs2jO2QXn3WZ6_16soroban_debugger3cli8commands18format_text_report0B7_
FN:969,_RNCNvNtNtCs2jO2QXn3WZ6_16soroban_debugger3cli8commands18format_text_reports_0B7_
FN:630,_RNCNvNtNtCs2jO2QXn3WZ6_16soroban_debugger3cli8commands21build_execution_trace0B7_
FN:751,_RNCNvNtNtCs2jO2QXn3WZ6_16soroban_debugger3cli8commands26display_instruction_counts0B7_
FN:770,_RNCNvNtNtCs2jO2QXn3WZ6_16soroban_debugger3cli8commands26display_instruction_countss0_0B7_
FN:764,_RNCNvNtNtCs2jO2QXn3WZ6_16soroban_debugger3cli8commands26display_instruction_countss_0B7_
FN:190,_RNCNvNtNtCs2jO2QXn3WZ6_16soroban_debugger3cli8commands3run0B7_
FN:412,_RNCNvNtNtCs2jO2QXn3WZ6_16soroban_debugger3cli8commands3runs0_0B7_
FN:449,_RNCNvNtNtCs2jO2QXn3WZ6_16soroban_debugger3cli8commands3runs1_0B7_
FN:531,_RNCNvNtNtCs2jO2QXn3WZ6_16soroban_debugger3cli8commands3runs2_0B7_
FN:550,_RNCNvNtNtCs2jO2QXn3WZ6_16soroban_debugger3cli8commands3runs3_0B7_
FN:567,_RNCNvNtNtCs2jO2QXn3WZ6_16soroban_debugger3cli8commands3runs4_0B7_
FN:579,_RNCNvNtNtCs2jO2QXn3WZ6_16soroban_debugger3cli8commands3runs5_0B7_
FN:582,_RNCNvNtNtCs2jO2QXn3WZ6_16soroban_debugger3cli8commands3runs6_0B7_
FN:251,_RNCNvNtNtCs2jO2QXn3WZ6_16soroban_debugger3cli8commands3runs_0B7_
FN:1267,_RNCNvNtNtCs2jO2QXn3WZ6_16soroban_debugger3cli8commands6replay0B7_
FN:1303,_RNCNvNtNtCs2jO2QXn3WZ6_16soroban_debugger3cli8commands6replays0_0B7_
FN:1336,_RNCNvNtNtCs2jO2QXn3WZ6_16soroban_debugger3cli8commands6replays1_0B7_
FN:1357,_RNCNvNtNtCs2jO2QXn3WZ6_16soroban_debugger3cli8commands6replays2_0B7_
FN:1280,_RNCNvNtNtCs2jO2QXn3WZ6_16soroban_debugger3cli8commands6replays_0B7_
FN:1235,_RNCNvNtNtCs2jO2QXn3WZ6_16soroban_debugger3cli8commands7compare0B7_
FN:1421,_RNCNvNtNtCs2jO2QXn3WZ6_16soroban_debugger3cli8commands7inspect0B7_
FN:1435,_RNCNvNtNtCs2jO2QXn3WZ6_16soroban_debugger3cli8commands7inspects_0B7_
FN:1144,_RNCNvNtNtCs2jO2QXn3WZ6_16soroban_debugger3cli8commands7profile0B7_
FN:1205,_RNCNvNtNtCs2jO2QXn3WZ6_16soroban_debugger3cli8commands7profiles_0B7_
FN:1029,_RNCNvNtNtCs2jO2QXn3WZ6_16soroban_debugger3cli8commands8optimize0B7_
FN:1118,_RNCNvNtNtCs2jO2QXn3WZ6_16soroban_debugger3cli8commands8optimizes_0B7_
FN:100,_RNCNvNtNtCs2jO2QXn3WZ6_16soroban_debugger3cli8commands9run_batch0B7_
FN:150,_RNCNvNtNtCs2jO2QXn3WZ6_16soroban_debugger3cli8commands9run_batchs0_0B7_
FN:142,_RNCNvNtNtCs2jO2QXn3WZ6_16soroban_debugger3cli8commands9run_batchs_0B7_
FN:986,_RNvNtNtCs2jO2QXn3WZ6_16soroban_debugger3cli8commands10parse_args
FN:1405,_RNvNtNtCs2jO2QXn3WZ6_16soroban_debugger3cli8commands11interactive
FN:880,_RNvNtNtCs2jO2QXn3WZ6_16soroban_debugger3cli8commands11invoke_wasm
FN:694,_RNvNtNtCs2jO2QXn3WZ6_16soroban_debugger3cli8commands11run_dry_run
FN:1010,_RNvNtNtCs2jO2QXn3WZ6_16soroban_debugger3cli8commands13parse_storage
FN:802,_RNvNtNtCs2jO2QXn3WZ6_16soroban_debugger3cli8commands13upgrade_check
FN:62,_RNvNtNtCs2jO2QXn3WZ6_16soroban_debugger3cli8commands15parse_step_mode
FN:849,_RNvNtNtCs2jO2QXn3WZ6_16soroban_debugger3cli8commands15run_test_inputs
FN:1473,_RNvNtNtCs2jO2QXn3WZ6_16soroban_debugger3cli8commands17show_budget_trend
FN:899,_RNvNtNtCs2jO2QXn3WZ6_16soroban_debugger3cli8commands18format_text_report
FN:609,_RNvNtNtCs2jO2QXn3WZ6_16soroban_debugger3cli8commands21build_execution_trace
FN:73,_RNvNtNtCs2jO2QXn3WZ6_16soroban_debugger3cli8commands21display_mock_call_log
FN:731,_RNvNtNtCs2jO2QXn3WZ6_16soroban_debugger3cli8commands22get_instruction_counts
FN:52,_RNvNtNtCs2jO2QXn3WZ6_16soroban_debugger3cli8commands24run_instruction_stepping
FN:740,_RNvNtNtCs2jO2QXn3WZ6_16soroban_debugger3cli8commands26display_instruction_counts
FN:172,_RNvNtNtCs2jO2QXn3WZ6_16soroban_debugger3cli8commands3run
FN:1412,_RNvNtNtCs2jO2QXn3WZ6_16soroban_debugger3cli8commands3tui
FN:1466,_RNvNtNtCs2jO2QXn3WZ6_16soroban_debugger3cli8commands4repl
FN:1399,_RNvNtNtCs2jO2QXn3WZ6_16soroban_debugger3cli8commands6remote
FN:1250,_RNvNtNtCs2jO2QXn3WZ6_16soroban_debugger3cli8commands6replay
FN:1389,_RNvNtNtCs2jO2QXn3WZ6_16soroban_debugger3cli8commands6server
FN:1452,_RNvNtNtCs2jO2QXn3WZ6_16soroban_debugger3cli8commands7analyze
FN:1223,_RNvNtNtCs2jO2QXn3WZ6_16soroban_debugger3cli8commands7compare
FN:1419,_RNvNtNtCs2jO2QXn3WZ6_16soroban_debugger3cli8commands7inspect
FN:1137,_RNvNtNtCs2jO2QXn3WZ6_16soroban_debugger3cli8commands7profile
FN:1021,_RNvNtNtCs2jO2QXn3WZ6_16soroban_debugger3cli8commands8optimize
FN:1459,_RNvNtNtCs2jO2QXn3WZ6_16soroban_debugger3cli8commands8scenario
FN:1445,_RNvNtNtCs2jO2QXn3WZ6_16soroban_debugger3cli8commands8symbolic
FN:96,_RNvNtNtCs2jO2QXn3WZ6_16soroban_debugger3cli8commands9run_batch
FN:21,_RINvNtNtCs2jO2QXn3WZ6_16soroban_debugger3cli8commands10print_infoNtNtCshQKOepsJxml_5alloc6string6StringEB6_
FN:21,_RINvNtNtCs2jO2QXn3WZ6_16soroban_debugger3cli8commands10print_infoReEB6_
FN:1466,_RNCNvNtNtCs2jO2QXn3WZ6_16soroban_debugger3cli8commands4repl0B7_
FNDA:0,_RNCNvNtNtCsjDzxbYtLkYp_16soroban_debugger3cli8commands26display_instruction_counts0B7_
FNDA:0,_RNCNvNtNtCsjDzxbYtLkYp_16soroban_debugger3cli8commands26display_instruction_countss0_0B7_
FNDA:0,_RNCNvNtNtCsjDzxbYtLkYp_16soroban_debugger3cli8commands26display_instruction_countss_0B7_
FNDA:0,_RNvNtNtCsjDzxbYtLkYp_16soroban_debugger3cli8commands22get_instruction_counts
FNDA:0,_RNvNtNtCsjDzxbYtLkYp_16soroban_debugger3cli8commands26display_instruction_counts
FNDA:87,_RINvNtNtCsjDzxbYtLkYp_16soroban_debugger3cli8commands10print_infoNtNtCshQKOepsJxml_5alloc6string6StringEB6_
FNDA:0,_RINvNtNtCsjDzxbYtLkYp_16soroban_debugger3cli8commands10print_infoRNtNtCshQKOepsJxml_5alloc6string6StringEB6_
FNDA:26,_RINvNtNtCsjDzxbYtLkYp_16soroban_debugger3cli8commands10print_infoReEB6_
FNDA:0,_RINvNtNtCsjDzxbYtLkYp_16soroban_debugger3cli8commands12print_resultNtNtCshQKOepsJxml_5alloc6string6StringEB6_
FNDA:34,_RINvNtNtCsjDzxbYtLkYp_16soroban_debugger3cli8commands13print_successNtNtCshQKOepsJxml_5alloc6string6StringEB6_
FNDA:0,_RINvNtNtCsjDzxbYtLkYp_16soroban_debugger3cli8commands13print_successReEB6_
FNDA:1,_RINvNtNtCsjDzxbYtLkYp_16soroban_debugger3cli8commands13print_verboseNtNtCshQKOepsJxml_5alloc6string6StringEB6_
FNDA:0,_RINvNtNtCsjDzxbYtLkYp_16soroban_debugger3cli8commands13print_verboseReEB6_
FNDA:0,_RINvNtNtCsjDzxbYtLkYp_16soroban_debugger3cli8commands13print_warningNtNtCshQKOepsJxml_5alloc6string6StringEB6_
FNDA:0,_RINvNtNtCsjDzxbYtLkYp_16soroban_debugger3cli8commands13print_warningReEB6_
FNDA:257,_RNCNvNtNtCsjDzxbYtLkYp_16soroban_debugger3cli8commands10parse_args0B7_
FNDA:0,_RNCNvNtNtCsjDzxbYtLkYp_16soroban_debugger3cli8commands11run_dry_run0B7_
FNDA:257,_RNCNvNtNtCsjDzxbYtLkYp_16soroban_debugger3cli8commands13parse_storage0B7_
FNDA:1,_RNCNvNtNtCsjDzxbYtLkYp_16soroban_debugger3cli8commands13upgrade_check0B7_
FNDA:0,_RNCNvNtNtCsjDzxbYtLkYp_16soroban_debugger3cli8commands13upgrade_checks0_0B7_
FNDA:0,_RNCNvNtNtCsjDzxbYtLkYp_16soroban_debugger3cli8commands13upgrade_checks1_0B7_
FNDA:1,_RNCNvNtNtCsjDzxbYtLkYp_16soroban_debugger3cli8commands13upgrade_checks_0B7_
FNDA:0,_RNCNvNtNtCsjDzxbYtLkYp_16soroban_debugger3cli8commands15run_test_inputs0B7_
FNDA:0,_RNCNvNtNtCsjDzxbYtLkYp_16soroban_debugger3cli8commands18format_text_report0B7_
FNDA:0,_RNCNvNtNtCsjDzxbYtLkYp_16soroban_debugger3cli8commands18format_text_reports_0B7_
FNDA:0,_RNCNvNtNtCsjDzxbYtLkYp_16soroban_debugger3cli8commands21build_execution_trace0B7_
FNDA:5,_RNCNvNtNtCsjDzxbYtLkYp_16soroban_debugger3cli8commands3run0B7_
FNDA:0,_RNCNvNtNtCsjDzxbYtLkYp_16soroban_debugger3cli8commands3runs0_0B7_
FNDA:0,_RNCNvNtNtCsjDzxbYtLkYp_16soroban_debugger3cli8commands3runs1_0B7_
FNDA:0,_RNCNvNtNtCsjDzxbYtLkYp_16soroban_debugger3cli8commands3runs2_0B7_
FNDA:0,_RNCNvNtNtCsjDzxbYtLkYp_16soroban_debugger3cli8commands3runs3_0B7_
FNDA:0,_RNCNvNtNtCsjDzxbYtLkYp_16soroban_debugger3cli8commands3runs4_0B7_
FNDA:0,_RNCNvNtNtCsjDzxbYtLkYp_16soroban_debugger3cli8commands3runs5_0B7_
FNDA:0,_RNCNvNtNtCsjDzxbYtLkYp_16soroban_debugger3cli8commands3runs6_0B7_
FNDA:0,_RNCNvNtNtCsjDzxbYtLkYp_16soroban_debugger3cli8commands3runs_0B7_
FNDA:0,_RNCNvNtNtCsjDzxbYtLkYp_16soroban_debugger3cli8commands4repl0B7_
FNDA:6,_RNCNvNtNtCsjDzxbYtLkYp_16soroban_debugger3cli8commands6replay0B7_
FNDA:0,_RNCNvNtNtCsjDzxbYtLkYp_16soroban_debugger3cli8commands6replays0_0B7_
FNDA:0,_RNCNvNtNtCsjDzxbYtLkYp_16soroban_debugger3cli8commands6replays1_0B7_
FNDA:0,_RNCNvNtNtCsjDzxbYtLkYp_16soroban_debugger3cli8commands6replays2_0B7_
FNDA:0,_RNCNvNtNtCsjDzxbYtLkYp_16soroban_debugger3cli8commands6replays_0B7_
FNDA:0,_RNCNvNtNtCsjDzxbYtLkYp_16soroban_debugger3cli8commands7compare0B7_
FNDA:2,_RNCNvNtNtCsjDzxbYtLkYp_16soroban_debugger3cli8commands7inspect0B7_
FNDA:0,_RNCNvNtNtCsjDzxbYtLkYp_16soroban_debugger3cli8commands7inspects_0B7_
FNDA:1,_RNCNvNtNtCsjDzxbYtLkYp_16soroban_debugger3cli8commands7profile0B7_
FNDA:0,_RNCNvNtNtCsjDzxbYtLkYp_16soroban_debugger3cli8commands7profiles_0B7_
FNDA:1,_RNCNvNtNtCsjDzxbYtLkYp_16soroban_debugger3cli8commands8optimize0B7_
FNDA:0,_RNCNvNtNtCsjDzxbYtLkYp_16soroban_debugger3cli8commands8optimizes_0B7_
FNDA:0,_RNCNvNtNtCsjDzxbYtLkYp_16soroban_debugger3cli8commands9run_batch0B7_
FNDA:0,_RNCNvNtNtCsjDzxbYtLkYp_16soroban_debugger3cli8commands9run_batchs0_0B7_
FNDA:0,_RNCNvNtNtCsjDzxbYtLkYp_16soroban_debugger3cli8commands9run_batchs_0B7_
FNDA:513,_RNvNtNtCsjDzxbYtLkYp_16soroban_debugger3cli8commands10parse_args
FNDA:0,_RNvNtNtCsjDzxbYtLkYp_16soroban_debugger3cli8commands11interactive
FNDA:0,_RNvNtNtCsjDzxbYtLkYp_16soroban_debugger3cli8commands11invoke_wasm
FNDA:2,_RNvNtNtCsjDzxbYtLkYp_16soroban_debugger3cli8commands11run_dry_run
FNDA:513,_RNvNtNtCsjDzxbYtLkYp_16soroban_debugger3cli8commands13parse_storage
FNDA:3,_RNvNtNtCsjDzxbYtLkYp_16soroban_debugger3cli8commands13upgrade_check
FNDA:0,_RNvNtNtCsjDzxbYtLkYp_16soroban_debugger3cli8commands15parse_step_mode
FNDA:0,_RNvNtNtCsjDzxbYtLkYp_16soroban_debugger3cli8commands15run_test_inputs
FNDA:0,_RNvNtNtCsjDzxbYtLkYp_16soroban_debugger3cli8commands17show_budget_trend
FNDA:0,_RNvNtNtCsjDzxbYtLkYp_16soroban_debugger3cli8commands18format_text_report
FNDA:0,_RNvNtNtCsjDzxbYtLkYp_16soroban_debugger3cli8commands21build_execution_trace
FNDA:0,_RNvNtNtCsjDzxbYtLkYp_16soroban_debugger3cli8commands21display_mock_call_log
FNDA:0,_RNvNtNtCsjDzxbYtLkYp_16soroban_debugger3cli8commands24run_instruction_stepping
FNDA:35,_RNvNtNtCsjDzxbYtLkYp_16soroban_debugger3cli8commands3run
FNDA:0,_RNvNtNtCsjDzxbYtLkYp_16soroban_debugger3cli8commands3tui
FNDA:0,_RNvNtNtCsjDzxbYtLkYp_16soroban_debugger3cli8commands4repl
FNDA:0,_RNvNtNtCsjDzxbYtLkYp_16soroban_debugger3cli8commands6remote
FNDA:9,_RNvNtNtCsjDzxbYtLkYp_16soroban_debugger3cli8commands6replay
FNDA:0,_RNvNtNtCsjDzxbYtLkYp_16soroban_debugger3cli8commands6server
FNDA:1,_RNvNtNtCsjDzxbYtLkYp_16soroban_debugger3cli8commands7analyze
FNDA:4,_RNvNtNtCsjDzxbYtLkYp_16soroban_debugger3cli8commands7compare
FNDA:8,_RNvNtNtCsjDzxbYtLkYp_16soroban_debugger3cli8commands7inspect
FNDA:2,_RNvNtNtCsjDzxbYtLkYp_16soroban_debugger3cli8commands7profile
FNDA:4,_RNvNtNtCsjDzxbYtLkYp_16soroban_debugger3cli8commands8optimize
FNDA:0,_RNvNtNtCsjDzxbYtLkYp_16soroban_debugger3cli8commands8scenario
FNDA:0,_RNvNtNtCsjDzxbYtLkYp_16soroban_debugger3cli8commands8symbolic
FNDA:1,_RNvNtNtCsjDzxbYtLkYp_16soroban_debugger3cli8commands9run_batch
FNDA:0,_RINvNtNtCs2jO2QXn3WZ6_16soroban_debugger3cli8commands12print_resultpEB6_
FNDA:0,_RINvNtNtCs2jO2QXn3WZ6_16soroban_debugger3cli8commands13print_successpEB6_
FNDA:0,_RINvNtNtCs2jO2QXn3WZ6_16soroban_debugger3cli8commands13print_verbosepEB6_
FNDA:0,_RINvNtNtCs2jO2QXn3WZ6_16soroban_debugger3cli8commands13print_warningpEB6_
FNDA:0,_RNCNvNtNtCs2jO2QXn3WZ6_16soroban_debugger3cli8commands10parse_args0B7_
FNDA:0,_RNCNvNtNtCs2jO2QXn3WZ6_16soroban_debugger3cli8commands11run_dry_run0B7_
FNDA:0,_RNCNvNtNtCs2jO2QXn3WZ6_16soroban_debugger3cli8commands13parse_storage0B7_
FNDA:0,_RNCNvNtNtCs2jO2QXn3WZ6_16soroban_debugger3cli8commands13upgrade_check0B7_
FNDA:0,_RNCNvNtNtCs2jO2QXn3WZ6_16soroban_debugger3cli8commands13upgrade_checks0_0B7_
FNDA:0,_RNCNvNtNtCs2jO2QXn3WZ6_16soroban_debugger3cli8commands13upgrade_checks1_0B7_
FNDA:0,_RNCNvNtNtCs2jO2QXn3WZ6_16soroban_debugger3cli8commands13upgrade_checks_0B7_
FNDA:0,_RNCNvNtNtCs2jO2QXn3WZ6_16soroban_debugger3cli8commands15run_test_inputs0B7_
FNDA:0,_RNCNvNtNtCs2jO2QXn3WZ6_16soroban_debugger3cli8commands18format_text_report0B7_
FNDA:0,_RNCNvNtNtCs2jO2QXn3WZ6_16soroban_debugger3cli8commands18format_text_reports_0B7_
FNDA:0,_RNCNvNtNtCs2jO2QXn3WZ6_16soroban_debugger3cli8commands21build_execution_trace0B7_
FNDA:0,_RNCNvNtNtCs2jO2QXn3WZ6_16soroban_debugger3cli8commands26display_instruction_counts0B7_
FNDA:0,_RNCNvNtNtCs2jO2QXn3WZ6_16soroban_debugger3cli8commands26display_instruction_countss0_0B7_
FNDA:0,_RNCNvNtNtCs2jO2QXn3WZ6_16soroban_debugger3cli8commands26display_instruction_countss_0B7_
FNDA:0,_RNCNvNtNtCs2jO2QXn3WZ6_16soroban_debugger3cli8commands3run0B7_
FNDA:0,_RNCNvNtNtCs2jO2QXn3WZ6_16soroban_debugger3cli8commands3runs0_0B7_
FNDA:0,_RNCNvNtNtCs2jO2QXn3WZ6_16soroban_debugger3cli8commands3runs1_0B7_
FNDA:0,_RNCNvNtNtCs2jO2QXn3WZ6_16soroban_debugger3cli8commands3runs2_0B7_
FNDA:0,_RNCNvNtNtCs2jO2QXn3WZ6_16soroban_debugger3cli8commands3runs3_0B7_
FNDA:0,_RNCNvNtNtCs2jO2QXn3WZ6_16soroban_debugger3cli8commands3runs4_0B7_
FNDA:0,_RNCNvNtNtCs2jO2QXn3WZ6_16soroban_debugger3cli8commands3runs5_0B7_
FNDA:0,_RNCNvNtNtCs2jO2QXn3WZ6_16soroban_debugger3cli8commands3runs6_0B7_
FNDA:0,_RNCNvNtNtCs2jO2QXn3WZ6_16soroban_debugger3cli8commands3runs_0B7_
FNDA:0,_RNCNvNtNtCs2jO2QXn3WZ6_16soroban_debugger3cli8commands6replay0B7_
FNDA:0,_RNCNvNtNtCs2jO2QXn3WZ6_16soroban_debugger3cli8commands6replays0_0B7_
FNDA:0,_RNCNvNtNtCs2jO2QXn3WZ6_16soroban_debugger3cli8commands6replays1_0B7_
FNDA:0,_RNCNvNtNtCs2jO2QXn3WZ6_16soroban_debugger3cli8commands6replays2_0B7_
FNDA:0,_RNCNvNtNtCs2jO2QXn3WZ6_16soroban_debugger3cli8commands6replays_0B7_
FNDA:0,_RNCNvNtNtCs2jO2QXn3WZ6_16soroban_debugger3cli8commands7compare0B7_
FNDA:0,_RNCNvNtNtCs2jO2QXn3WZ6_16soroban_debugger3cli8commands7inspect0B7_
FNDA:0,_RNCNvNtNtCs2jO2QXn3WZ6_16soroban_debugger3cli8commands7inspects_0B7_
FNDA:0,_RNCNvNtNtCs2jO2QXn3WZ6_16soroban_debugger3cli8commands7profile0B7_
FNDA:0,_RNCNvNtNtCs2jO2QXn3WZ6_16soroban_debugger3cli8commands7profiles_0B7_
FNDA:0,_RNCNvNtNtCs2jO2QXn3WZ6_16soroban_debugger3cli8commands8optimize0B7_
FNDA:0,_RNCNvNtNtCs2jO2QXn3WZ6_16soroban_debugger3cli8commands8optimizes_0B7_
FNDA:0,_RNCNvNtNtCs2jO2QXn3WZ6_16soroban_debugger3cli8commands9run_batch0B7_
FNDA:0,_RNCNvNtNtCs2jO2QXn3WZ6_16soroban_debugger3cli8commands9run_batchs0_0B7_
FNDA:0,_RNCNvNtNtCs2jO2QXn3WZ6_16soroban_debugger3cli8commands9run_batchs_0B7_
FNDA:0,_RNvNtNtCs2jO2QXn3WZ6_16soroban_debugger3cli8commands10parse_args
FNDA:0,_RNvNtNtCs2jO2QXn3WZ6_16soroban_debugger3cli8commands11interactive
FNDA:0,_RNvNtNtCs2jO2QXn3WZ6_16soroban_debugger3cli8commands11invoke_wasm
FNDA:0,_RNvNtNtCs2jO2QXn3WZ6_16soroban_debugger3cli8commands11run_dry_run
FNDA:0,_RNvNtNtCs2jO2QXn3WZ6_16soroban_debugger3cli8commands13parse_storage
FNDA:0,_RNvNtNtCs2jO2QXn3WZ6_16soroban_debugger3cli8commands13upgrade_check
FNDA:0,_RNvNtNtCs2jO2QXn3WZ6_16soroban_debugger3cli8commands15parse_step_mode
FNDA:0,_RNvNtNtCs2jO2QXn3WZ6_16soroban_debugger3cli8commands15run_test_inputs
FNDA:0,_RNvNtNtCs2jO2QXn3WZ6_16soroban_debugger3cli8commands17show_budget_trend
FNDA:0,_RNvNtNtCs2jO2QXn3WZ6_16soroban_debugger3cli8commands18format_text_report
FNDA:0,_RNvNtNtCs2jO2QXn3WZ6_16soroban_debugger3cli8commands21build_execution_trace
FNDA:0,_RNvNtNtCs2jO2QXn3WZ6_16soroban_debugger3cli8commands21display_mock_call_log
FNDA:0,_RNvNtNtCs2jO2QXn3WZ6_16soroban_debugger3cli8commands22get_instruction_counts
FNDA:0,_RNvNtNtCs2jO2QXn3WZ6_16soroban_debugger3cli8commands24run_instruction_stepping
FNDA:0,_RNvNtNtCs2jO2QXn3WZ6_16soroban_debugger3cli8commands26display_instruction_counts
FNDA:0,_RNvNtNtCs2jO2QXn3WZ6_16soroban_debugger3cli8commands3run
FNDA:0,_RNvNtNtCs2jO2QXn3WZ6_16soroban_debugger3cli8commands3tui
FNDA:0,_RNvNtNtCs2jO2QXn3WZ6_16soroban_debugger3cli8commands4repl
FNDA:0,_RNvNtNtCs2jO2QXn3WZ6_16soroban_debugger3cli8commands6remote
FNDA:0,_RNvNtNtCs2jO2QXn3WZ6_16soroban_debugger3cli8commands6replay
FNDA:0,_RNvNtNtCs2jO2QXn3WZ6_16soroban_debugger3cli8commands6server
FNDA:0,_RNvNtNtCs2jO2QXn3WZ6_16soroban_debugger3cli8commands7analyze
FNDA:0,_RNvNtNtCs2jO2QXn3WZ6_16soroban_debugger3cli8commands7compare
FNDA:0,_RNvNtNtCs2jO2QXn3WZ6_16soroban_debugger3cli8commands7inspect
FNDA:0,_RNvNtNtCs2jO2QXn3WZ6_16soroban_debugger3cli8commands7profile
FNDA:0,_RNvNtNtCs2jO2QXn3WZ6_16soroban_debugger3cli8commands8optimize
FNDA:0,_RNvNtNtCs2jO2QXn3WZ6_16soroban_debugger3cli8commands8scenario
FNDA:0,_RNvNtNtCs2jO2QXn3WZ6_16soroban_debugger3cli8commands8symbolic
FNDA:0,_RNvNtNtCs2jO2QXn3WZ6_16soroban_debugger3cli8commands9run_batch
FNDA:0,_RINvNtNtCs2jO2QXn3WZ6_16soroban_debugger3cli8commands10print_infoNtNtCshQKOepsJxml_5alloc6string6StringEB6_
FNDA:0,_RINvNtNtCs2jO2QXn3WZ6_16soroban_debugger3cli8commands10print_infoReEB6_
FNDA:0,_RNCNvNtNtCs2jO2QXn3WZ6_16soroban_debugger3cli8commands4repl0B7_
FNF:73
FNH:24
DA:21,113
DA:22,113
DA:23,105
DA:24,105
DA:25,113
DA:27,34
DA:28,34
DA:29,32
DA:30,32
DA:31,34
DA:33,0
DA:34,0
DA:35,0
DA:36,0
DA:37,0
DA:40,0
DA:41,0
DA:42,0
DA:45,1
DA:46,1
DA:47,1
DA:48,1
DA:49,1
DA:52,0
DA:53,0
DA:54,0
DA:55,0
DA:56,0
DA:57,0
DA:58,0
DA:59,0
DA:62,0
DA:63,0
DA:64,0
DA:65,0
DA:66,0
DA:67,0
DA:68,0
DA:70,0
DA:73,0
DA:74,0
DA:75,0
DA:76,0
DA:77,0
DA:78,0
DA:79,0
DA:80,0
DA:82,0
DA:86,0
DA:87,0
DA:89,0
DA:93,0
DA:96,1
DA:97,1
DA:98,1
DA:100,1
DA:101,0
DA:102,0
DA:103,0
DA:104,0
DA:105,0
DA:107,1
DA:109,1
DA:111,1
DA:113,1
DA:114,1
DA:115,0
DA:117,0
DA:118,0
DA:119,0
DA:120,0
DA:121,0
DA:122,0
DA:123,0
DA:125,0
DA:127,0
DA:130,0
DA:132,0
DA:133,0
DA:134,0
DA:136,0
DA:138,0
DA:139,0
DA:140,0
DA:141,0
DA:142,0
DA:143,0
DA:145,0
DA:146,0
DA:147,0
DA:149,0
DA:150,0
DA:151,0
DA:152,0
DA:153,0
DA:155,0
DA:157,0
DA:159,0
DA:160,0
DA:161,0
DA:162,0
DA:163,0
DA:164,0
DA:165,0
DA:167,0
DA:168,1
DA:172,35
DA:174,35
DA:177,35
DA:178,1
DA:179,34
DA:181,34
DA:182,2
DA:183,32
DA:185,32
DA:186,32
DA:187,32
DA:189,32
DA:190,32
DA:191,27
DA:192,27
DA:194,27
DA:195,0
DA:196,0
DA:197,0
DA:198,0
DA:199,0
DA:200,0
DA:201,0
DA:202,27
DA:204,27
DA:206,27
DA:208,27
DA:209,27
DA:210,27
DA:211,27
DA:213,27
DA:214,1
DA:215,1
DA:216,1
DA:217,0
DA:218,0
DA:219,1
DA:220,26
DA:222,27
DA:224,27
DA:225,1
DA:226,1
DA:227,1
DA:228,1
DA:229,0
DA:230,0
DA:231,0
DA:232,26
DA:234,26
DA:235,1
DA:237,25
DA:240,25
DA:241,1
DA:243,24
DA:247,24
DA:248,1
DA:249,1
DA:250,0
DA:251,0
DA:252,0
DA:253,0
DA:254,23
DA:256,23
DA:257,1
DA:258,1
DA:259,1
DA:260,1
DA:261,1
DA:262,22
DA:264,22
DA:265,22
DA:266,22
DA:267,22
DA:268,22
DA:269,0
DA:270,0
DA:271,22
DA:272,22
DA:274,22
DA:275,22
DA:277,22
DA:278,22
DA:279,0
DA:280,22
DA:281,22
DA:282,0
DA:284,22
DA:287,22
DA:288,0
DA:289,0
DA:290,0
DA:291,0
DA:292,22
DA:294,22
DA:295,0
DA:296,0
DA:297,0
DA:298,0
DA:299,22
DA:302,22
DA:303,22
DA:304,0
DA:305,0
DA:307,0
DA:308,0
DA:309,0
DA:313,0
DA:314,0
DA:315,0
DA:316,0
DA:317,22
DA:319,22
DA:320,22
DA:321,22
DA:322,22
DA:323,22
DA:324,22
DA:325,22
DA:326,22
DA:327,22
DA:328,22
DA:331,22
DA:332,22
DA:333,22
DA:334,22
DA:335,22
DA:336,22
DA:340,0
DA:341,0
DA:342,0
DA:343,0
DA:345,22
DA:346,22
DA:347,22
DA:348,22
DA:350,22
DA:351,22
DA:352,22
DA:353,22
DA:355,22
DA:356,22
DA:357,22
DA:358,0
DA:359,22
DA:360,22
DA:361,22
DA:362,22
DA:365,22
DA:366,22
DA:367,22
DA:368,22
DA:369,22
DA:370,22
DA:371,22
DA:372,22
DA:373,22
DA:374,22
DA:375,22
DA:376,22
DA:377,22
DA:380,22
DA:381,22
DA:382,22
DA:383,22
DA:384,22
DA:386,22
DA:388,0
DA:390,22
DA:391,22
DA:392,22
DA:395,22
DA:399,22
DA:400,22
DA:401,22
DA:402,0
DA:404,0
DA:409,0
DA:410,0
DA:411,0
DA:412,0
DA:413,0
DA:414,0
DA:415,0
DA:416,0
DA:417,0
DA:422,22
DA:423,22
DA:425,0
DA:428,22
DA:429,22
DA:431,0
DA:434,22
DA:435,0
DA:436,0
DA:438,22
DA:439,18446744073709551594
DA:440,18446744073709551594
DA:441,18446744073709551594
DA:444,22
DA:445,0
DA:447,22
DA:448,22
DA:449,22
DA:451,22
DA:452,22
DA:453,22
DA:454,22
DA:455,0
DA:457,22
DA:458,22
DA:459,0
DA:460,0
DA:463,0
DA:464,0
DA:465,0
DA:466,0
DA:467,0
DA:468,0
DA:469,0
DA:470,22
DA:472,22
DA:473,22
DA:474,0
DA:475,0
DA:476,0
DA:478,0
DA:479,0
DA:480,0
DA:481,0
DA:482,0
DA:483,0
DA:485,0
DA:486,0
DA:487,0
DA:488,0
DA:489,0
DA:490,0
DA:491,0
DA:492,0
DA:493,0
DA:494,0
DA:496,0
DA:498,0
DA:502,0
DA:503,0
DA:505,0
DA:506,0
DA:507,0
DA:508,0
DA:509,0
DA:510,0
DA:511,0
DA:513,0
DA:514,0
DA:517,0
DA:518,0
DA:519,0
DA:522,0
DA:523,0
DA:524,0
DA:525,22
DA:527,22
DA:528,0
DA:529,0
DA:530,0
DA:531,0
DA:532,0
DA:534,22
DA:535,22
DA:536,22
DA:537,22
DA:540,22
DA:541,22
DA:542,22
DA:543,22
DA:544,22
DA:545,22
DA:546,22
DA:547,22
DA:548,22
DA:549,22
DA:550,22
DA:551,0
DA:552,0
DA:553,0
DA:554,0
DA:555,0
DA:556,0
DA:558,0
DA:559,22
DA:561,0
DA:562,22
DA:563,22
DA:564,22
DA:566,22
DA:567,22
DA:568,0
DA:569,0
DA:570,22
DA:572,0
DA:574,22
DA:575,22
DA:577,22
DA:578,22
DA:579,22
DA:581,22
DA:582,22
DA:584,22
DA:585,22
DA:586,22
DA:587,22
DA:588,22
DA:589,22
DA:590,22
DA:591,22
DA:592,22
DA:596,22
DA:597,22
DA:598,22
DA:599,22
DA:600,0
DA:601,0
DA:602,0
DA:603,0
DA:605,22
DA:606,35
DA:609,0
DA:610,0
DA:611,0
DA:612,0
DA:613,0
DA:614,0
DA:615,0
DA:616,0
DA:617,0
DA:618,0
DA:619,0
DA:620,0
DA:621,0
DA:622,0
DA:623,0
DA:624,0
DA:625,0
DA:626,0
DA:629,0
DA:630,0
DA:632,0
DA:633,0
DA:635,0
DA:636,0
DA:637,0
DA:638,0
DA:639,0
DA:641,0
DA:642,0
DA:644,0
DA:645,0
DA:646,0
DA:648,0
DA:649,0
DA:650,0
DA:651,0
DA:652,0
DA:653,0
DA:654,0
DA:655,0
DA:656,0
DA:657,0
DA:658,0
DA:659,0
DA:660,0
DA:661,0
DA:662,0
DA:664,0
DA:666,0
DA:667,0
DA:668,0
DA:669,0
DA:670,0
DA:671,0
DA:672,0
DA:673,0
DA:675,0
DA:676,0
DA:677,0
DA:678,0
DA:679,0
DA:680,0
DA:681,0
DA:682,0
DA:683,0
DA:684,0
DA:685,0
DA:686,0
DA:687,0
DA:688,0
DA:689,0
DA:690,0
DA:691,0
DA:694,2
DA:695,2
DA:697,2
DA:698,2
DA:699,2
DA:700,2
DA:702,2
DA:703,0
DA:704,0
DA:705,0
DA:706,0
DA:707,0
DA:708,0
DA:709,0
DA:710,2
DA:712,2
DA:714,2
DA:717,2
DA:718,0
DA:719,0
DA:720,0
DA:721,0
DA:722,2
DA:724,2
DA:726,2
DA:727,2
DA:731,0
DA:732,0
DA:733,0
DA:735,0
DA:736,0
DA:740,0
DA:741,0
DA:742,0
DA:743,0
DA:745,0
DA:748,0
DA:749,0
DA:750,0
DA:751,0
DA:752,0
DA:753,0
DA:755,0
DA:757,0
DA:758,0
DA:761,0
DA:762,0
DA:763,0
DA:764,0
DA:765,0
DA:766,0
DA:767,0
DA:768,0
DA:769,0
DA:770,0
DA:771,0
DA:772,0
DA:775,0
DA:784,0
DA:785,0
DA:788,0
DA:789,0
DA:790,0
DA:791,0
DA:792,0
DA:793,0
DA:794,0
DA:795,0
DA:796,0
DA:797,0
DA:798,0
DA:799,0
DA:802,3
DA:803,3
DA:804,3
DA:805,3
DA:807,2
DA:808,2
DA:809,2
DA:812,1
DA:813,0
DA:815,1
DA:818,1
DA:819,1
DA:821,0
DA:822,1
DA:824,0
DA:825,0
DA:826,0
DA:827,0
DA:830,0
DA:831,0
DA:832,0
DA:833,0
DA:834,0
DA:835,0
DA:836,0
DA:838,0
DA:839,0
DA:840,0
DA:841,0
DA:842,0
DA:843,0
DA:845,0
DA:846,3
DA:849,0
DA:850,0
DA:851,0
DA:852,0
DA:853,0
DA:854,0
DA:855,0
DA:856,0
DA:858,0
DA:860,0
DA:861,0
DA:862,0
DA:863,0
DA:864,0
DA:865,0
DA:866,0
DA:867,0
DA:868,0
DA:869,0
DA:870,0
DA:871,0
DA:872,0
DA:873,0
DA:874,0
DA:876,0
DA:877,0
DA:880,0
DA:881,0
DA:882,0
DA:883,0
DA:884,0
DA:885,0
DA:886,0
DA:888,0
DA:890,0
DA:891,0
DA:892,0
DA:896,0
DA:899,0
DA:900,0
DA:902,0
DA:903,0
DA:904,0
DA:905,0
DA:906,0
DA:908,0
DA:909,0
DA:911,0
DA:913,0
DA:915,0
DA:916,0
DA:917,0
DA:918,0
DA:919,0
DA:920,0
DA:921,0
DA:922,0
DA:923,0
DA:924,0
DA:925,0
DA:928,0
DA:929,0
DA:930,0
DA:931,0
DA:932,0
DA:933,0
DA:934,0
DA:935,0
DA:936,0
DA:937,0
DA:938,0
DA:941,0
DA:942,0
DA:943,0
DA:944,0
DA:945,0
DA:946,0
DA:947,0
DA:948,0
DA:949,0
DA:951,0
DA:953,0
DA:954,0
DA:955,0
DA:956,0
DA:958,0
DA:960,0
DA:961,0
DA:962,0
DA:963,0
DA:964,0
DA:965,0
DA:966,0
DA:967,0
DA:968,0
DA:969,0
DA:970,0
DA:971,0
DA:972,0
DA:973,0
DA:974,0
DA:975,0
DA:976,0
DA:977,0
DA:978,0
DA:979,0
DA:980,0
DA:982,0
DA:983,0
DA:986,513
DA:987,513
DA:988,257
DA:989,257
DA:990,257
DA:991,257
DA:992,257
DA:994,256
DA:995,113
DA:996,113
DA:998,134
DA:999,134
DA:1002,9
DA:1006,256
DA:1007,513
DA:1010,513
DA:1011,513
DA:1012,257
DA:1013,257
DA:1014,257
DA:1015,257
DA:1016,257
DA:1017,256
DA:1018,513
DA:1021,4
DA:1022,4
DA:1026,4
DA:1028,4
DA:1029,4
DA:1030,3
DA:1031,3
DA:1033,3
DA:1034,0
DA:1035,0
DA:1036,0
DA:1037,0
DA:1038,0
DA:1039,0
DA:1040,0
DA:1041,3
DA:1043,3
DA:1045,3
DA:1048,3
DA:1049,0
DA:1050,0
DA:1051,0
DA:1052,0
DA:1053,3
DA:1055,3
DA:1057,3
DA:1058,1
DA:1059,1
DA:1060,1
DA:1061,0
DA:1062,0
DA:1063,2
DA:1065,2
DA:1066,0
DA:1067,0
DA:1069,2
DA:1072,2
DA:1073,2
DA:1074,2
DA:1075,2
DA:1076,0
DA:1078,2
DA:1080,2
DA:1082,2
DA:1084,2
DA:1086,18446744073709551614
DA:1087,18446744073709551614
DA:1088,18446744073709551614
DA:1089,18446744073709551614
DA:1090,18446744073709551614
DA:1091,18446744073709551614
DA:1092,18446744073709551614
DA:1093,18446744073709551614
DA:1094,18446744073709551614
DA:1095,18446744073709551614
DA:1096,18446744073709551614
DA:1097,18446744073709551614
DA:1098,18446744073709551614
DA:1099,18446744073709551614
DA:1100,18446744073709551614
DA:1101,18446744073709551614
DA:1102,0
DA:1103,0
DA:1107,0
DA:1111,2
DA:1113,2
DA:1114,2
DA:1115,2
DA:1117,2
DA:1118,2
DA:1119,0
DA:1120,0
DA:1121,0
DA:1122,0
DA:1123,0
DA:1124,2
DA:1128,2
DA:1129,0
DA:1130,0
DA:1131,0
DA:1133,2
DA:1134,4
DA:1137,2
DA:1138,2
DA:1139,2
DA:1140,2
DA:1143,2
DA:1144,2
DA:1145,1
DA:1146,1
DA:1148,1
DA:1149,0
DA:1150,0
DA:1151,0
DA:1152,0
DA:1153,0
DA:1154,0
DA:1155,0
DA:1156,1
DA:1158,1
DA:1159,1
DA:1160,1
DA:1164,1
DA:1165,0
DA:1167,1
DA:1171,1
DA:1174,1
DA:1175,1
DA:1176,1
DA:1177,0
DA:1180,1
DA:1182,1
DA:1183,1
DA:1184,1
DA:1186,1
DA:1187,1
DA:1188,1
DA:1190,1
DA:1192,1
DA:1193,1
DA:1196,1
DA:1197,1
DA:1198,1
DA:1202,1
DA:1204,1
DA:1205,1
DA:1206,0
DA:1207,0
DA:1208,0
DA:1209,0
DA:1210,0
DA:1211,1
DA:1212,1
DA:1213,1
DA:1215,0
DA:1216,0
DA:1217,0
DA:1219,1
DA:1220,2
DA:1223,4
DA:1224,4
DA:1225,4
DA:1227,2
DA:1228,2
DA:1230,1
DA:1231,1
DA:1232,1
DA:1234,1
DA:1235,1
DA:1236,0
DA:1237,0
DA:1238,0
DA:1239,0
DA:1240,0
DA:1241,1
DA:1242,0
DA:1243,0
DA:1244,0
DA:1246,1
DA:1247,4
DA:1250,9
DA:1251,9
DA:1252,9
DA:1255,7
DA:1256,2
DA:1257,5
DA:1258,4
DA:1260,1
DA:1261,1
DA:1262,1
DA:1263,1
DA:1266,6
DA:1267,6
DA:1268,6
DA:1269,6
DA:1270,6
DA:1271,6
DA:1272,6
DA:1274,0
DA:1276,0
DA:1280,0
DA:1281,0
DA:1282,0
DA:1284,0
DA:1287,0
DA:1288,0
DA:1290,0
DA:1291,0
DA:1292,0
DA:1293,0
DA:1294,0
DA:1296,0
DA:1297,0
DA:1298,0
DA:1299,0
DA:1302,0
DA:1303,0
DA:1304,0
DA:1305,0
DA:1306,0
DA:1308,0
DA:1312,0
DA:1313,0
DA:1315,0
DA:1316,0
DA:1317,0
DA:1319,0
DA:1321,0
DA:1322,0
DA:1324,0
DA:1325,0
DA:1326,0
DA:1329,0
DA:1330,0
DA:1331,0
DA:1333,0
DA:1334,0
DA:1335,0
DA:1336,0
DA:1337,0
DA:1338,0
DA:1339,0
DA:1340,0
DA:1341,0
DA:1342,0
DA:1346,0
DA:1347,0
DA:1348,0
DA:1349,0
DA:1352,0
DA:1353,0
DA:1354,0
DA:1356,0
DA:1357,0
DA:1358,0
DA:1359,0
DA:1360,0
DA:1361,0
DA:1362,0
DA:1363,0
DA:1364,0
DA:1365,0
DA:1366,0
DA:1368,0
DA:1369,0
DA:1370,0
DA:1371,0
DA:1372,0
DA:1373,0
DA:1374,0
DA:1375,0
DA:1376,0
DA:1378,0
DA:1379,0
DA:1380,0
DA:1381,0
DA:1383,0
DA:1385,0
DA:1386,9
DA:1389,0
DA:1390,0
DA:1391,0
DA:1392,0
DA:1393,0
DA:1394,0
DA:1395,0
DA:1396,0
DA:1399,0
DA:1400,0
DA:1401,0
DA:1402,0
DA:1403,0
DA:1405,0
DA:1406,0
DA:1407,0
DA:1408,0
DA:1409,0
DA:1412,0
DA:1413,0
DA:1414,0
DA:1415,0
DA:1416,0
DA:1419,8
DA:1420,8
DA:1421,8
DA:1422,6
DA:1423,1
DA:1424,1
DA:1425,1
DA:1426,1
DA:1427,1
DA:1428,1
DA:1429,1
DA:1430,1
DA:1431,2
DA:1432,2
DA:1433,2
DA:1434,2
DA:1435,2
DA:1436,2
DA:1437,2
DA:1438,2
DA:1440,0
DA:1441,1
DA:1442,8
DA:1445,0
DA:1446,0
DA:1447,0
DA:1448,0
DA:1449,0
DA:1452,1
DA:1453,1
DA:1454,1
DA:1455,1
DA:1456,1
DA:1459,0
DA:1460,0
DA:1461,0
DA:1462,0
DA:1463,0
DA:1466,0
DA:1467,0
DA:1468,0
DA:1469,0
DA:1470,0
DA:1473,0
DA:1474,0
DA:1475,0
DA:1476,0
DA:1477,0
DA:1478,0
DA:1479,0
DA:1480,0
DA:1481,0
DA:1482,0
BRF:0
BRH:0
LF:1129
LH:442
end_of_record
SF:/home/admin/Desktop/opensource/soroban-debugger/src/client/remote_client.rs
[...]
FN:88,_RNCNvNtNtCsjDzxbYtLkYp_16soroban_debugger5utils4wasm26parse_cross_contract_callss_0B7_
FN:277,_RNvMNtNtCsjDzxbYtLkYp_16soroban_debugger5utils4wasmNtB2_16ContractMetadata8is_empty
FN:146,_RNvNtNtCsjDzxbYtLkYp_16soroban_debugger5utils4wasm15get_module_info
FN:22,_RNvNtNtCsjDzxbYtLkYp_16soroban_debugger5utils4wasm15parse_functions
FN:14,_RNvNtNtCsjDzxbYtLkYp_16soroban_debugger5utils4wasm16compute_checksum
FN:247,_RNvNtNtCsjDzxbYtLkYp_16soroban_debugger5utils4wasm16verify_wasm_hash
FN:505,_RNvNtNtCsjDzxbYtLkYp_16soroban_debugger5utils4wasm17stringm_to_string
FN:227,_RNvNtNtCsjDzxbYtLkYp_16soroban_debugger5utils4wasm19compute_wasm_sha256
FN:593,_RNvNtNtCsjDzxbYtLkYp_16soroban_debugger5utils4wasm19parse_custom_errors
FN:460,_RNvNtNtCsjDzxbYtLkYp_16soroban_debugger5utils4wasm19spec_type_to_string
FN:61,_RNvNtNtCsjDzxbYtLkYp_16soroban_debugger5utils4wasm20map_import_to_target
FN:51,_RNvNtNtCsjDzxbYtLkYp_16soroban_debugger5utils4wasm24is_cross_contract_import
FN:338,_RNvNtNtCsjDzxbYtLkYp_16soroban_debugger5utils4wasm25extract_contract_metadata
FN:516,_RNvNtNtCsjDzxbYtLkYp_16soroban_debugger5utils4wasm25parse_function_signatures
FN:71,_RNvNtNtCsjDzxbYtLkYp_16soroban_debugger5utils4wasm26parse_cross_contract_calls
FN:316,_RNvXs_NtNtCsjDzxbYtLkYp_16soroban_debugger5utils4wasmNtB4_16ContractMetadataINtNtCslH02haMvknO_4core7convert4FromNtB4_20JsonContractMetadataE4from
FN:234,_RINvNtNtCs2jO2QXn3WZ6_16soroban_debugger5utils4wasm9load_wasmpEB6_
FN:236,_RNCINvNtNtCs2jO2QXn3WZ6_16soroban_debugger5utils4wasm9load_wasmpE0B8_
FN:14,_RNvNtNtCs2jO2QXn3WZ6_16soroban_debugger5utils4wasm16compute_checksum
FN:574,_RNvNtNtCs2jO2QXn3WZ6_16soroban_debugger5utils4wasm21val_type_to_wasm_type
FN:759,_RNvNtNtNtCs2jO2QXn3WZ6_16soroban_debugger5utils4wasm5tests13encode_string
FN:764,_RNvNtNtNtCs2jO2QXn3WZ6_16soroban_debugger5utils4wasm5tests14append_section
FN:736,_RNvNtNtNtCs2jO2QXn3WZ6_16soroban_debugger5utils4wasm5tests24make_custom_section_wasm
FN:770,_RNvNtNtNtCs2jO2QXn3WZ6_16soroban_debugger5utils4wasm5tests34make_wasm_with_cross_contract_call
FN:714,_RNvNtNtNtCs2jO2QXn3WZ6_16soroban_debugger5utils4wasm5tests7uleb128
FN:941,_RNvNtNtNtCs2jO2QXn3WZ6_16soroban_debugger5utils4wasm5testss_21extract_custom_errors
FN:672,_RNvNtNtNtCs2jO2QXn3WZ6_16soroban_debugger5utils4wasm5testss_33test_expected_hash_match_proceeds
FN:908,_RNvNtNtNtCs2jO2QXn3WZ6_16soroban_debugger5utils4wasm5testss_34test_get_module_info_with_sections
FN:701,_RNvNtNtNtCs2jO2QXn3WZ6_16soroban_debugger5utils4wasm5testss_35test_expected_hash_none_skips_check
FN:655,_RNvNtNtNtCs2jO2QXn3WZ6_16soroban_debugger5utils4wasm5testss_36test_compute_wasm_sha256_empty_input
FN:647,_RNvNtNtNtCs2jO2QXn3WZ6_16soroban_debugger5utils4wasm5testss_36test_compute_wasm_sha256_known_value
FN:662,_RNvNtNtNtCs2jO2QXn3WZ6_16soroban_debugger5utils4wasm5testss_38test_compute_wasm_sha256_deterministic
FN:925,_RNvNtNtNtCs2jO2QXn3WZ6_16soroban_debugger5utils4wasm5testss_39contract_metadata_is_empty_when_default
FN:818,_RNvNtNtNtCs2jO2QXn3WZ6_16soroban_debugger5utils4wasm5testss_41extract_metadata_from_json_custom_section
FN:888,_RNvNtNtNtCs2jO2QXn3WZ6_16soroban_debugger5utils4wasm5testss_41extract_metadata_ignores_non_utf8_payload
FN:680,_RNvNtNtNtCs2jO2QXn3WZ6_16soroban_debugger5utils4wasm5testss_41test_expected_hash_mismatch_returns_error
FN:930,_RNvNtNtNtCs2jO2QXn3WZ6_16soroban_debugger5utils4wasm5testss_46contract_metadata_not_empty_when_any_field_set
FN:848,_RNvNtNtNtCs2jO2QXn3WZ6_16soroban_debugger5utils4wasm5testss_47extract_metadata_from_line_based_custom_section
FN:880,_RNvNtNtNtCs2jO2QXn3WZ6_16soroban_debugger5utils4wasm5testss_50extract_metadata_ignores_unrelated_custom_sections
FN:872,_RNvNtNtNtCs2jO2QXn3WZ6_16soroban_debugger5utils4wasm5testss_51extract_metadata_from_wasm_without_metadata_section
FN:897,_RNvNtNtNtCs2jO2QXn3WZ6_16soroban_debugger5utils4wasm5testss_57parse_cross_contract_calls_detects_invoke_contract_import
FN:277,_RNvMNtNtCs2jO2QXn3WZ6_16soroban_debugger5utils4wasmNtB2_16ContractMetadata8is_empty
FN:146,_RNvNtNtCs2jO2QXn3WZ6_16soroban_debugger5utils4wasm15get_module_info
FN:22,_RNvNtNtCs2jO2QXn3WZ6_16soroban_debugger5utils4wasm15parse_functions
FN:247,_RNvNtNtCs2jO2QXn3WZ6_16soroban_debugger5utils4wasm16verify_wasm_hash
FN:505,_RNvNtNtCs2jO2QXn3WZ6_16soroban_debugger5utils4wasm17stringm_to_string
FN:227,_RNvNtNtCs2jO2QXn3WZ6_16soroban_debugger5utils4wasm19compute_wasm_sha256
FN:593,_RNvNtNtCs2jO2QXn3WZ6_16soroban_debugger5utils4wasm19parse_custom_errors
FN:460,_RNvNtNtCs2jO2QXn3WZ6_16soroban_debugger5utils4wasm19spec_type_to_string
FN:61,_RNvNtNtCs2jO2QXn3WZ6_16soroban_debugger5utils4wasm20map_import_to_target
FN:51,_RNvNtNtCs2jO2QXn3WZ6_16soroban_debugger5utils4wasm24is_cross_contract_import
FN:338,_RNvNtNtCs2jO2QXn3WZ6_16soroban_debugger5utils4wasm25extract_contract_metadata
FN:516,_RNvNtNtCs2jO2QXn3WZ6_16soroban_debugger5utils4wasm25parse_function_signatures
FN:71,_RNvNtNtCs2jO2QXn3WZ6_16soroban_debugger5utils4wasm26parse_cross_contract_calls
FN:316,_RNvXs_NtNtCs2jO2QXn3WZ6_16soroban_debugger5utils4wasmNtB4_16ContractMetadataINtNtCslH02haMvknO_4core7convert4FromNtB4_20JsonContractMetadataE4from
FN:918,_RNCNvNtNtNtCs2jO2QXn3WZ6_16soroban_debugger5utils4wasm5testss_34test_get_module_info_with_sections0B9_
FN:152,_RNCNvNtNtCs2jO2QXn3WZ6_16soroban_debugger5utils4wasm15get_module_info0B7_
FN:162,_RNCNvNtNtCs2jO2QXn3WZ6_16soroban_debugger5utils4wasm15get_module_infos_0B7_
FN:28,_RNCNvNtNtCs2jO2QXn3WZ6_16soroban_debugger5utils4wasm15parse_functions0B7_
FN:31,_RNCNvNtNtCs2jO2QXn3WZ6_16soroban_debugger5utils4wasm15parse_functionss_0B7_
FN:601,_RNCNvNtNtCs2jO2QXn3WZ6_16soroban_debugger5utils4wasm19parse_custom_errors0B7_
FN:344,_RNCNvNtNtCs2jO2QXn3WZ6_16soroban_debugger5utils4wasm25extract_contract_metadata0B7_
FN:524,_RNCNvNtNtCs2jO2QXn3WZ6_16soroban_debugger5utils4wasm25parse_function_signatures0B7_
FN:547,_RNCNvNtNtCs2jO2QXn3WZ6_16soroban_debugger5utils4wasm25parse_function_signaturess_0B7_
FN:84,_RNCNvNtNtCs2jO2QXn3WZ6_16soroban_debugger5utils4wasm26parse_cross_contract_calls0B7_
FN:102,_RNCNvNtNtCs2jO2QXn3WZ6_16soroban_debugger5utils4wasm26parse_cross_contract_callss0_0B7_
FN:116,_RNCNvNtNtCs2jO2QXn3WZ6_16soroban_debugger5utils4wasm26parse_cross_contract_callss1_0B7_
FN:118,_RNCNvNtNtCs2jO2QXn3WZ6_16soroban_debugger5utils4wasm26parse_cross_contract_callss2_0B7_
FN:122,_RNCNvNtNtCs2jO2QXn3WZ6_16soroban_debugger5utils4wasm26parse_cross_contract_callss3_0B7_
FN:88,_RNCNvNtNtCs2jO2QXn3WZ6_16soroban_debugger5utils4wasm26parse_cross_contract_callss_0B7_
FNDA:0,_RNvNtNtCsjDzxbYtLkYp_16soroban_debugger5utils4wasm21val_type_to_wasm_type
FNDA:40,_RINvNtNtCsjDzxbYtLkYp_16soroban_debugger5utils4wasm9load_wasmRNtNtCs7dz5ZklJ0d7_3std4path7PathBufEB6_
FNDA:7,_RNCINvNtNtCsjDzxbYtLkYp_16soroban_debugger5utils4wasm9load_wasmRNtNtCs7dz5ZklJ0d7_3std4path7PathBufE0B8_
FNDA:54,_RNCNvNtNtCsjDzxbYtLkYp_16soroban_debugger5utils4wasm15get_module_info0B7_
FNDA:5,_RNCNvNtNtCsjDzxbYtLkYp_16soroban_debugger5utils4wasm15get_module_infos_0B7_
FNDA:0,_RNCNvNtNtCsjDzxbYtLkYp_16soroban_debugger5utils4wasm15parse_functions0B7_
FNDA:0,_RNCNvNtNtCsjDzxbYtLkYp_16soroban_debugger5utils4wasm15parse_functionss_0B7_
FNDA:0,_RNCNvNtNtCsjDzxbYtLkYp_16soroban_debugger5utils4wasm19parse_custom_errors0B7_
FNDA:0,_RNCNvNtNtCsjDzxbYtLkYp_16soroban_debugger5utils4wasm25extract_contract_metadata0B7_
FNDA:1,_RNCNvNtNtCsjDzxbYtLkYp_16soroban_debugger5utils4wasm25parse_function_signatures0B7_
FNDA:0,_RNCNvNtNtCsjDzxbYtLkYp_16soroban_debugger5utils4wasm25parse_function_signaturess_0B7_
FNDA:0,_RNCNvNtNtCsjDzxbYtLkYp_16soroban_debugger5utils4wasm26parse_cross_contract_calls0B7_
FNDA:0,_RNCNvNtNtCsjDzxbYtLkYp_16soroban_debugger5utils4wasm26parse_cross_contract_callss0_0B7_
FNDA:0,_RNCNvNtNtCsjDzxbYtLkYp_16soroban_debugger5utils4wasm26parse_cross_contract_callss1_0B7_
FNDA:0,_RNCNvNtNtCsjDzxbYtLkYp_16soroban_debugger5utils4wasm26parse_cross_contract_callss2_0B7_
FNDA:0,_RNCNvNtNtCsjDzxbYtLkYp_16soroban_debugger5utils4wasm26parse_cross_contract_callss3_0B7_
FNDA:0,_RNCNvNtNtCsjDzxbYtLkYp_16soroban_debugger5utils4wasm26parse_cross_contract_callss_0B7_
FNDA:3,_RNvMNtNtCsjDzxbYtLkYp_16soroban_debugger5utils4wasmNtB2_16ContractMetadata8is_empty
FNDA:7,_RNvNtNtCsjDzxbYtLkYp_16soroban_debugger5utils4wasm15get_module_info
FNDA:2,_RNvNtNtCsjDzxbYtLkYp_16soroban_debugger5utils4wasm15parse_functions
FNDA:0,_RNvNtNtCsjDzxbYtLkYp_16soroban_debugger5utils4wasm16compute_checksum
FNDA:0,_RNvNtNtCsjDzxbYtLkYp_16soroban_debugger5utils4wasm16verify_wasm_hash
FNDA:2,_RNvNtNtCsjDzxbYtLkYp_16soroban_debugger5utils4wasm17stringm_to_string
FNDA:33,_RNvNtNtCsjDzxbYtLkYp_16soroban_debugger5utils4wasm19compute_wasm_sha256
FNDA:0,_RNvNtNtCsjDzxbYtLkYp_16soroban_debugger5utils4wasm19parse_custom_errors
FNDA:2,_RNvNtNtCsjDzxbYtLkYp_16soroban_debugger5utils4wasm19spec_type_to_string
FNDA:0,_RNvNtNtCsjDzxbYtLkYp_16soroban_debugger5utils4wasm20map_import_to_target
FNDA:0,_RNvNtNtCsjDzxbYtLkYp_16soroban_debugger5utils4wasm24is_cross_contract_import
FNDA:3,_RNvNtNtCsjDzxbYtLkYp_16soroban_debugger5utils4wasm25extract_contract_metadata
FNDA:2,_RNvNtNtCsjDzxbYtLkYp_16soroban_debugger5utils4wasm25parse_function_signatures
FNDA:0,_RNvNtNtCsjDzxbYtLkYp_16soroban_debugger5utils4wasm26parse_cross_contract_calls
FNDA:0,_RNvXs_NtNtCsjDzxbYtLkYp_16soroban_debugger5utils4wasmNtB4_16ContractMetadataINtNtCslH02haMvknO_4core7convert4FromNtB4_20JsonContractMetadataE4from
FNDA:0,_RINvNtNtCs2jO2QXn3WZ6_16soroban_debugger5utils4wasm9load_wasmpEB6_
FNDA:0,_RNCINvNtNtCs2jO2QXn3WZ6_16soroban_debugger5utils4wasm9load_wasmpE0B8_
FNDA:0,_RNvNtNtCs2jO2QXn3WZ6_16soroban_debugger5utils4wasm16compute_checksum
FNDA:0,_RNvNtNtCs2jO2QXn3WZ6_16soroban_debugger5utils4wasm21val_type_to_wasm_type
FNDA:3,_RNvNtNtNtCs2jO2QXn3WZ6_16soroban_debugger5utils4wasm5tests13encode_string
FNDA:5,_RNvNtNtNtCs2jO2QXn3WZ6_16soroban_debugger5utils4wasm5tests14append_section
FNDA:6,_RNvNtNtNtCs2jO2QXn3WZ6_16soroban_debugger5utils4wasm5tests24make_custom_section_wasm
FNDA:1,_RNvNtNtNtCs2jO2QXn3WZ6_16soroban_debugger5utils4wasm5tests34make_wasm_with_cross_contract_call
FNDA:29,_RNvNtNtNtCs2jO2QXn3WZ6_16soroban_debugger5utils4wasm5tests7uleb128
FNDA:1,_RNvNtNtNtCs2jO2QXn3WZ6_16soroban_debugger5utils4wasm5testss_21extract_custom_errors
FNDA:1,_RNvNtNtNtCs2jO2QXn3WZ6_16soroban_debugger5utils4wasm5testss_33test_expected_hash_match_proceeds
FNDA:1,_RNvNtNtNtCs2jO2QXn3WZ6_16soroban_debugger5utils4wasm5testss_34test_get_module_info_with_sections
FNDA:1,_RNvNtNtNtCs2jO2QXn3WZ6_16soroban_debugger5utils4wasm5testss_35test_expected_hash_none_skips_check
FNDA:1,_RNvNtNtNtCs2jO2QXn3WZ6_16soroban_debugger5utils4wasm5testss_36test_compute_wasm_sha256_empty_input
FNDA:1,_RNvNtNtNtCs2jO2QXn3WZ6_16soroban_debugger5utils4wasm5testss_36test_compute_wasm_sha256_known_value
FNDA:1,_RNvNtNtNtCs2jO2QXn3WZ6_16soroban_debugger5utils4wasm5testss_38test_compute_wasm_sha256_deterministic
FNDA:1,_RNvNtNtNtCs2jO2QXn3WZ6_16soroban_debugger5utils4wasm5testss_39contract_metadata_is_empty_when_default
FNDA:1,_RNvNtNtNtCs2jO2QXn3WZ6_16soroban_debugger5utils4wasm5testss_41extract_metadata_from_json_custom_section
FNDA:1,_RNvNtNtNtCs2jO2QXn3WZ6_16soroban_debugger5utils4wasm5testss_41extract_metadata_ignores_non_utf8_payload
FNDA:1,_RNvNtNtNtCs2jO2QXn3WZ6_16soroban_debugger5utils4wasm5testss_41test_expected_hash_mismatch_returns_error
FNDA:1,_RNvNtNtNtCs2jO2QXn3WZ6_16soroban_debugger5utils4wasm5testss_46contract_metadata_not_empty_when_any_field_set
FNDA:1,_RNvNtNtNtCs2jO2QXn3WZ6_16soroban_debugger5utils4wasm5testss_47extract_metadata_from_line_based_custom_section
FNDA:1,_RNvNtNtNtCs2jO2QXn3WZ6_16soroban_debugger5utils4wasm5testss_50extract_metadata_ignores_unrelated_custom_sections
FNDA:1,_RNvNtNtNtCs2jO2QXn3WZ6_16soroban_debugger5utils4wasm5testss_51extract_metadata_from_wasm_without_metadata_section
FNDA:1,_RNvNtNtNtCs2jO2QXn3WZ6_16soroban_debugger5utils4wasm5testss_57parse_cross_contract_calls_detects_invoke_contract_import
FNDA:6,_RNvMNtNtCs2jO2QXn3WZ6_16soroban_debugger5utils4wasmNtB2_16ContractMetadata8is_empty
FNDA:1,_RNvNtNtCs2jO2QXn3WZ6_16soroban_debugger5utils4wasm15get_module_info
FNDA:0,_RNvNtNtCs2jO2QXn3WZ6_16soroban_debugger5utils4wasm15parse_functions
FNDA:3,_RNvNtNtCs2jO2QXn3WZ6_16soroban_debugger5utils4wasm16verify_wasm_hash
FNDA:4,_RNvNtNtCs2jO2QXn3WZ6_16soroban_debugger5utils4wasm17stringm_to_string
FNDA:4,_RNvNtNtCs2jO2QXn3WZ6_16soroban_debugger5utils4wasm19compute_wasm_sha256
FNDA:1,_RNvNtNtCs2jO2QXn3WZ6_16soroban_debugger5utils4wasm19parse_custom_errors
FNDA:0,_RNvNtNtCs2jO2QXn3WZ6_16soroban_debugger5utils4wasm19spec_type_to_string
FNDA:1,_RNvNtNtCs2jO2QXn3WZ6_16soroban_debugger5utils4wasm20map_import_to_target
FNDA:1,_RNvNtNtCs2jO2QXn3WZ6_16soroban_debugger5utils4wasm24is_cross_contract_import
FNDA:5,_RNvNtNtCs2jO2QXn3WZ6_16soroban_debugger5utils4wasm25extract_contract_metadata
FNDA:0,_RNvNtNtCs2jO2QXn3WZ6_16soroban_debugger5utils4wasm25parse_function_signatures
FNDA:1,_RNvNtNtCs2jO2QXn3WZ6_16soroban_debugger5utils4wasm26parse_cross_contract_calls
FNDA:1,_RNvXs_NtNtCs2jO2QXn3WZ6_16soroban_debugger5utils4wasmNtB4_16ContractMetadataINtNtCslH02haMvknO_4core7convert4FromNtB4_20JsonContractMetadataE4from
FNDA:1,_RNCNvNtNtNtCs2jO2QXn3WZ6_16soroban_debugger5utils4wasm5testss_34test_get_module_info_with_sections0B9_
FNDA:1,_RNCNvNtNtCs2jO2QXn3WZ6_16soroban_debugger5utils4wasm15get_module_info0B7_
FNDA:0,_RNCNvNtNtCs2jO2QXn3WZ6_16soroban_debugger5utils4wasm15get_module_infos_0B7_
FNDA:0,_RNCNvNtNtCs2jO2QXn3WZ6_16soroban_debugger5utils4wasm15parse_functions0B7_
FNDA:0,_RNCNvNtNtCs2jO2QXn3WZ6_16soroban_debugger5utils4wasm15parse_functionss_0B7_
FNDA:0,_RNCNvNtNtCs2jO2QXn3WZ6_16soroban_debugger5utils4wasm19parse_custom_errors0B7_
FNDA:0,_RNCNvNtNtCs2jO2QXn3WZ6_16soroban_debugger5utils4wasm25extract_contract_metadata0B7_
FNDA:0,_RNCNvNtNtCs2jO2QXn3WZ6_16soroban_debugger5utils4wasm25parse_function_signatures0B7_
FNDA:0,_RNCNvNtNtCs2jO2QXn3WZ6_16soroban_debugger5utils4wasm25parse_function_signaturess_0B7_
FNDA:0,_RNCNvNtNtCs2jO2QXn3WZ6_16soroban_debugger5utils4wasm26parse_cross_contract_calls0B7_
FNDA:0,_RNCNvNtNtCs2jO2QXn3WZ6_16soroban_debugger5utils4wasm26parse_cross_contract_callss0_0B7_
FNDA:0,_RNCNvNtNtCs2jO2QXn3WZ6_16soroban_debugger5utils4wasm26parse_cross_contract_callss1_0B7_
FNDA:0,_RNCNvNtNtCs2jO2QXn3WZ6_16soroban_debugger5utils4wasm26parse_cross_contract_callss2_0B7_
FNDA:0,_RNCNvNtNtCs2jO2QXn3WZ6_16soroban_debugger5utils4wasm26parse_cross_contract_callss3_0B7_
FNDA:0,_RNCNvNtNtCs2jO2QXn3WZ6_16soroban_debugger5utils4wasm26parse_cross_contract_callss_0B7_
FNF:54
FNH:41
DA:14,0
DA:16,0
DA:17,0
DA:18,0
DA:19,0
DA:22,2
DA:23,2
DA:24,2
DA:26,46
DA:27,46
DA:28,46
DA:30,11
DA:31,11
DA:32,0
DA:33,0
DA:34,11
DA:35,5
DA:36,6
DA:38,44
DA:41,2
DA:42,2
DA:51,1
DA:52,1
DA:53,1
DA:55,1
DA:56,1
DA:57,0
DA:58,0
DA:59,1
DA:61,1
DA:62,1
DA:63,1
DA:64,1
DA:66,0
DA:68,1
DA:71,1
DA:75,1
DA:76,1
DA:77,1
DA:78,1
DA:79,1
DA:80,1
DA:82,8
DA:83,8
DA:84,8
DA:86,1
DA:87,1
DA:88,1
DA:89,0
DA:90,0
DA:91,1
DA:92,1
DA:93,1
DA:94,1
DA:95,1
DA:96,1
DA:97,0
DA:100,1
DA:101,1
DA:102,1
DA:103,0
DA:104,0
DA:105,1
DA:106,1
DA:107,1
DA:110,1
DA:111,1
DA:112,1
DA:113,1
DA:114,1
DA:115,1
DA:116,1
DA:118,1
DA:119,0
DA:120,0
DA:121,3
DA:122,2
DA:123,0
DA:124,0
DA:125,1
DA:126,1
DA:127,1
DA:128,1
DA:129,1
DA:130,1
DA:131,1
DA:132,1
DA:133,1
DA:134,1
DA:135,0
DA:136,1
DA:139,5
DA:143,1
DA:144,1
DA:146,8
DA:147,8
DA:148,8
DA:149,8
DA:150,8
DA:152,55
DA:153,55
DA:154,55
DA:155,55
DA:156,55
DA:157,55
DA:158,55
DA:160,66
DA:161,66
DA:162,66
DA:163,61
DA:164,2
DA:165,2
DA:166,2
DA:167,2
DA:168,2
DA:169,2
DA:170,2
DA:171,2
DA:172,2
DA:173,2
DA:174,2
DA:175,2
DA:176,2
DA:177,2
DA:178,2
DA:179,2
DA:180,0
DA:181,0
DA:182,2
DA:183,26
DA:184,0
DA:185,0
DA:186,13
DA:187,13
DA:189,6
DA:193,3
DA:194,8
DA:227,37
DA:228,37
DA:229,37
DA:230,37
DA:231,37
DA:234,40
DA:235,40
DA:236,40
DA:237,7
DA:238,7
DA:239,7
DA:240,7
DA:241,7
DA:242,33
DA:243,33
DA:244,40
DA:247,3
DA:248,3
DA:249,2
DA:250,1
DA:251,1
DA:252,1
DA:253,1
DA:254,1
DA:255,1
DA:256,1
DA:257,2
DA:258,3
DA:277,9
DA:278,9
DA:279,7
DA:280,7
DA:281,7
DA:282,7
DA:283,7
DA:284,9
DA:316,1
DA:317,1
DA:318,1
DA:319,1
DA:320,1
DA:321,1
DA:322,1
DA:323,1
DA:324,1
DA:325,1
DA:338,8
DA:339,8
DA:340,8
DA:342,85
DA:343,85
DA:344,85
DA:346,63
DA:349,22
DA:350,19
DA:351,3
DA:353,3
DA:354,3
DA:356,1
DA:360,2
DA:361,1
DA:363,1
DA:364,1
DA:365,1
DA:366,1
DA:367,1
DA:368,1
DA:369,1
DA:370,1
DA:371,1
DA:372,1
DA:373,1
DA:374,1
DA:375,1
DA:376,1
DA:377,1
DA:378,1
DA:379,1
DA:380,1
DA:382,1
DA:383,1
DA:384,0
DA:386,0
DA:387,1
DA:390,6
DA:391,6
DA:392,6
DA:393,0
DA:394,6
DA:396,6
DA:397,3
DA:398,3
DA:399,3
DA:401,0
DA:404,0
DA:405,6
DA:406,1
DA:407,1
DA:408,5
DA:409,1
DA:410,1
DA:411,4
DA:412,1
DA:413,1
DA:414,3
DA:415,1
DA:416,1
DA:417,2
DA:418,1
DA:419,1
DA:420,1
DA:421,0
DA:422,1
DA:423,1
DA:424,1
DA:425,0
DA:430,8
DA:431,8
DA:460,2
DA:462,2
DA:463,0
DA:464,0
DA:465,0
DA:466,0
DA:467,0
DA:468,0
DA:469,0
DA:470,2
DA:471,0
DA:472,0
DA:473,0
DA:474,0
DA:475,0
DA:476,0
DA:477,0
DA:478,0
DA:479,0
DA:480,0
DA:481,0
DA:482,0
DA:484,0
DA:485,0
DA:487,0
DA:488,0
DA:490,0
DA:491,0
DA:493,0
DA:494,0
DA:495,0
DA:497,0
DA:498,0
DA:499,0
DA:500,0
DA:502,2
DA:505,6
DA:506,6
DA:507,6
DA:508,6
DA:509,6
DA:516,2
DA:519,2
DA:520,2
DA:522,24
DA:523,24
DA:524,24
DA:526,22
DA:529,1
DA:530,0
DA:531,1
DA:533,1
DA:534,1
DA:535,1
DA:539,3
DA:540,2
DA:541,2
DA:543,2
DA:544,2
DA:545,2
DA:546,2
DA:547,0
DA:548,0
DA:549,0
DA:550,2
DA:552,2
DA:554,2
DA:555,2
DA:556,2
DA:557,2
DA:558,2
DA:560,0
DA:561,0
DA:562,0
DA:563,1
DA:567,1
DA:570,1
DA:571,2
DA:574,0
DA:575,0
DA:576,0
DA:577,0
DA:578,0
DA:579,0
DA:580,0
DA:581,0
DA:582,0
DA:583,0
DA:584,0
DA:585,0
DA:587,0
DA:591,0
DA:593,1
DA:596,1
DA:597,1
DA:599,2
DA:600,2
DA:601,2
DA:603,1
DA:606,1
DA:607,0
DA:608,1
DA:610,1
DA:611,1
DA:612,1
DA:615,2
DA:616,1
DA:617,2
DA:618,2
DA:619,2
DA:620,2
DA:621,2
DA:622,2
DA:623,2
DA:625,0
DA:626,0
DA:627,0
DA:628,1
DA:632,1
DA:635,1
DA:636,1
DA:647,1
DA:648,1
DA:650,1
DA:651,1
DA:652,1
DA:655,1
DA:656,1
DA:657,1
DA:658,1
DA:659,1
DA:662,1
DA:663,1
DA:664,1
DA:665,1
DA:666,1
DA:667,1
DA:672,1
DA:673,1
DA:674,1
DA:676,1
DA:677,1
DA:680,1
DA:681,1
DA:682,1
DA:683,1
DA:685,1
DA:686,1
DA:688,1
DA:690,1
DA:691,1
DA:693,1
DA:694,1
DA:696,0
DA:698,1
DA:701,1
DA:702,1
DA:704,1
DA:705,1
DA:714,29
DA:715,29
DA:718,31
DA:719,31
DA:721,31
DA:722,2
DA:723,29
DA:724,31
DA:725,31
DA:726,29
DA:727,2
DA:729,29
DA:730,29
DA:736,6
DA:737,6
DA:740,6
DA:741,6
DA:744,6
DA:747,6
DA:748,6
DA:749,6
DA:750,6
DA:753,6
DA:754,6
DA:756,6
DA:757,6
DA:759,3
DA:760,3
DA:761,3
DA:762,3
DA:764,5
DA:765,5
DA:766,5
DA:767,5
DA:768,5
DA:770,1
DA:771,1
DA:774,1
DA:775,1
DA:776,1
DA:777,1
DA:778,1
DA:779,1
DA:782,1
DA:783,1
DA:784,1
DA:785,1
DA:786,1
DA:787,1
DA:788,1
DA:791,1
DA:792,1
DA:793,1
DA:794,1
DA:797,1
DA:798,1
DA:799,1
DA:800,1
DA:801,1
DA:802,1
DA:805,1
DA:806,1
DA:807,1
DA:808,1
DA:809,1
DA:810,1
DA:812,1
DA:813,1
DA:818,1
DA:819,1
DA:820,1
DA:821,1
DA:822,1
DA:823,1
DA:824,1
DA:825,1
DA:826,1
DA:827,1
DA:828,1
DA:830,1
DA:831,1
DA:833,1
DA:834,1
DA:835,1
DA:836,1
DA:837,1
DA:838,1
DA:841,1
DA:842,1
DA:845,1
DA:848,1
DA:849,1
DA:850,1
DA:851,1
DA:852,1
DA:853,1
DA:854,1
DA:855,1
DA:856,1
DA:858,1
DA:859,1
DA:861,1
DA:862,1
DA:863,1
DA:864,1
DA:865,1
DA:866,1
DA:867,1
DA:872,1
DA:874,1
DA:875,1
DA:876,1
DA:877,1
DA:880,1
DA:882,1
DA:883,1
DA:884,1
DA:885,1
DA:888,1
DA:890,1
DA:891,1
DA:892,1
DA:893,1
DA:894,1
DA:897,1
DA:898,1
DA:899,1
DA:901,1
DA:902,1
DA:903,1
DA:904,1
DA:905,1
DA:908,1
DA:909,1
DA:910,1
DA:912,1
DA:914,1
DA:915,1
DA:916,1
DA:917,1
DA:918,1
DA:919,1
DA:921,1
DA:922,1
DA:925,1
DA:926,1
DA:927,1
DA:930,1
DA:931,1
DA:932,1
DA:933,1
DA:934,1
DA:935,1
DA:936,1
DA:941,1
DA:946,1
DA:947,1
DA:948,1
DA:949,1
DA:950,1
DA:951,1
DA:952,1
DA:953,1
DA:954,1
DA:955,1
DA:956,1
DA:957,1
DA:958,1
DA:959,1
DA:960,1
DA:961,1
DA:963,1
DA:964,1
DA:966,1
DA:968,1
DA:969,1
DA:970,1
DA:971,1
DA:972,1
DA:973,1
DA:974,1
DA:975,1
DA:976,1
BRF:0
BRH:0
LF:618
LH:514
end_of_record